[ 2015-02-10T19:22:54+08:00 ] ERR: (ThinkException) 非法操作:js
[ 2015-02-10T19:23:02+08:00 ] ERR: (ThinkException) 非法操作:js
[ 2015-02-10T19:26:00+08:00 ] ERR: (ThinkException) 非法操作:js
[ 2015-02-10T19:28:22+08:00 ] ERR: (ThinkException) 非法操作:js
[ 2015-02-10T19:31:36+08:00 ] ERR: (ThinkException) 非法操作:js
[ 2015-02-10T20:38:20+08:00 ] ERR: (ThinkException) 非法操作:ListNotice
[ 2015-02-10T20:38:42+08:00 ] ERR: (ThinkException) 模板不存在[./Cms/Tpl/Recycle/Index.html]
[ 2015-02-10T20:42:38+08:00 ] ERR: (ThinkException) 非法操作:js
[ 2015-02-10T20:42:40+08:00 ] ERR: (ThinkException) 非法操作:js
[ 2015-02-10T20:42:43+08:00 ] ERR: (ThinkException) 非法操作:js
[ 2015-02-10T20:50:09+08:00 ] ERR: (ThinkException) 模板不存在[./Cms/Tpl/Recycle/Recycle_article.html]
[ 2015-02-10T20:50:54+08:00 ] ERR: (ThinkException) 模板不存在[./Cms/Tpl/Recycle/Recycle_article.html]
[ 2015-02-10T20:51:32+08:00 ] ERR: (ThinkException) 模板不存在[./Cms/Tpl/Recycle/Recycle_article.html]
[ 2015-02-10T20:53:10+08:00 ] ERR: (ThinkException) 模板不存在[./Cms/Tpl/Recycle/Recycle_article.html]
[ 2015-02-10T20:55:24+08:00 ] ERR: (ThinkException) 模板不存在[./Cms/Tpl/Recycle/Recycle_article.html]
[ 2015-02-10T20:56:17+08:00 ] ERR: (ThinkException) 模板不存在[./Cms/Tpl/Recycle/Recycle_article.html]
[ 2015-02-10T20:56:43+08:00 ] ERR: (ThinkException) 模板不存在[./Cms/Tpl/Recycle/Recycle_article.html]
[ 2015-02-10T21:00:25+08:00 ] ERR: (ThinkException) 模板不存在[./Cms/Tpl/Recycle/Recycle_article.html]
[ 2015-02-10T21:00:45+08:00 ] ERR: (ThinkException) 模板不存在[./Cms/Tpl/Recycle/Recycle_article.html]
[ 2015-02-10T21:01:43+08:00 ] ERR: (ThinkException) 模板不存在[./Cms/Tpl/Recycle/Recycle_article.html]
[ 2015-02-10T21:02:52+08:00 ] ERR: (ThinkException) 模板不存在[./Cms/Tpl/Recycle/Recycle_article.html]
[ 2015-02-10T21:02:58+08:00 ] ERR: (ThinkException) 模板不存在[./Cms/Tpl/Recycle/Recycle_article.html]
[ 2015-02-10T21:03:43+08:00 ] ERR: (ThinkException) 模板不存在[./Cms/Tpl/Recycle/Recycle_article.html]
[ 2015-02-10T21:04:55+08:00 ] ERR: (ThinkException) 表达式错误:55
[ 2015-02-10T21:07:50+08:00 ] ERR: (ThinkException) 模板不存在[./Cms/Tpl/Recycle/Recycle_article.html]
[ 2015-02-10T21:10:47+08:00 ] ERR: (ThinkException) 模板不存在[./Cms/Tpl/Recycle/Recycle_article.html]
[ 2015-02-10T21:10:55+08:00 ] ERR: (ThinkException) 模板不存在[./Cms/Tpl/Recycle/Recycle_article.html]
[ 2015-02-10T21:12:15+08:00 ] ERR: (ThinkException) 模板不存在[./Cms/Tpl/Recycle/Recycle_article.html]
[ 2015-02-10T21:12:23+08:00 ] ERR: (ThinkException) 模板不存在[./Cms/Tpl/Recycle/Recycle_article.html]
[ 2015-02-10T21:13:21+08:00 ] ERR: (ThinkException) 模板不存在[./Cms/Tpl/Recycle/Recycle_article.html]
[ 2015-02-10T21:14:06+08:00 ] ERR: (ThinkException) 模板不存在[./Cms/Tpl/Recycle/Recycle_article.html]
[ 2015-02-10T21:16:30+08:00 ] ERR: (ThinkException) 模板不存在[./Cms/Tpl/Recycle/Recycle_article.html]
[ 2015-02-10T21:16:52+08:00 ] ERR: (ThinkException) 模板不存在[./Cms/Tpl/Recycle/Recycle_article.html]
[ 2015-02-10T21:19:50+08:00 ] ERR: (ThinkException) 模板不存在[./Cms/Tpl/Recycle/Recycle_article.html]
[ 2015-02-10T21:20:08+08:00 ] ERR: (ThinkException) 模板不存在[./Cms/Tpl/Recycle/Recycle_article.html]
[ 2015-02-10T21:20:21+08:00 ] ERR: (ThinkException) 模板不存在[./Cms/Tpl/Recycle/Recycle_article.html]
[ 2015-02-10T21:21:39+08:00 ] ERR: (ThinkException) 模板不存在[./Cms/Tpl/Recycle/Recycle_article.html]
[ 2015-02-10T21:22:04+08:00 ] ERR: (ThinkException) 模板不存在[./Cms/Tpl/Recycle/Recycle_article.html]
[ 2015-02-10T21:22:34+08:00 ] ERR: (ThinkException) 模板不存在[./Cms/Tpl/Recycle/Recycle_article.html]
[ 2015-02-10T21:24:08+08:00 ] ERR: (ThinkException) 模板不存在[./Cms/Tpl/Recycle/Recycle_article.html]
[ 2015-02-10T21:24:23+08:00 ] ERR: (ThinkException) 模板不存在[./Cms/Tpl/Recycle/Recycle_article.html]
[ 2015-02-10T21:25:22+08:00 ] ERR: (ThinkException) 模板不存在[./Cms/Tpl/Recycle/Recycle_article.html]
[ 2015-02-10T21:27:21+08:00 ] ERR: (ThinkException) 模板不存在[./Cms/Tpl/Recycle/Recycle_article.html]
[ 2015-02-10T21:27:41+08:00 ] ERR: (ThinkException) 模板不存在[./Cms/Tpl/Recycle/Recycle_article.html]
[ 2015-02-10T21:38:42+08:00 ] ERR: (ThinkException) 模板不存在[./Cms/Tpl/Recycle/Recycle_article.html]
[ 2015-02-10T21:38:53+08:00 ] ERR: (ThinkException) 模板不存在[./Cms/Tpl/Recycle/Recycle_article.html]
[ 2015-02-10T21:39:09+08:00 ] ERR: (ThinkException) 模板不存在[./Cms/Tpl/Recycle/Recycle_article.html]
[ 2015-02-10T21:39:12+08:00 ] ERR: (ThinkException) 模板不存在[./Cms/Tpl/Recycle/Recycle_article.html]
[ 2015-02-10T21:39:45+08:00 ] ERR: (ThinkException) 模板不存在[./Cms/Tpl/Recycle/Recycle_article.html]
[ 2015-02-10T21:40:09+08:00 ] ERR: (ThinkException) 模板不存在[./Cms/Tpl/Recycle/Recycle_article.html]
[ 2015-02-10T21:41:23+08:00 ] ERR: (ThinkException) 模板不存在[./Cms/Tpl/Recycle/Recycle_article.html]
[ 2015-02-10T21:43:03+08:00 ] ERR: (ThinkException) 模板不存在[./Cms/Tpl/Recycle/Recycle_article.html]
[ 2015-02-10T21:43:36+08:00 ] ERR: (ThinkException) 模板不存在[./Cms/Tpl/Recycle/Recycle_article.html]
[ 2015-02-10T21:47:02+08:00 ] ERR: (ThinkException) 模板不存在[./Cms/Tpl/Recycle/Recycle_article.html]
[ 2015-02-10T21:52:27+08:00 ] ERR: (ThinkException) 模板不存在[./Cms/Tpl/Recycle/Recycle_article.html]
[ 2015-02-10T21:52:38+08:00 ] ERR: (ThinkException) 模板不存在[./Cms/Tpl/Recycle/Recycle_article.html]
[ 2015-02-10T21:53:23+08:00 ] ERR: (ThinkException) 模板不存在[./Cms/Tpl/Recycle/Recycle_article.html]
[ 2015-02-10T21:53:51+08:00 ] ERR: (ThinkException) 模板不存在[./Cms/Tpl/Recycle/Recycle_article.html]
