[ 2015-01-31T18:03:25+08:00 ] 127.0.0.1 /lab/cms.php/Login/login
INFO: [ route_check ] --START--
INFO: Run CheckRoute Behavior [ RunTime:0.004863s ]
INFO: [ route_check ] --END-- [ RunTime:0.004922s ]
INFO: [ app_begin ] --START--
INFO: Run ReadHtmlCache Behavior [ RunTime:0.000413s ]
INFO: [ app_begin ] --END-- [ RunTime:0.000452s ]
INFO: [ view_template ] --START--
INFO: Run LocationTemplate Behavior [ RunTime:0.004111s ]
INFO: [ view_template ] --END-- [ RunTime:0.004164s ]
INFO: [ view_parse ] --START--
INFO: Run ParseTemplate Behavior [ RunTime:0.048315s ]
INFO: [ view_parse ] --END-- [ RunTime:0.048379s ]
INFO: [ view_filter ] --START--
INFO: Run ContentReplace Behavior [ RunTime:0.003785s ]
INFO: Run TokenBuild Behavior [ RunTime:0.003389s ]
INFO: Run WriteHtmlCache Behavior [ RunTime:0.002838s ]
INFO: Run ShowRuntime Behavior [ RunTime:0.003767s ]
INFO: [ view_filter ] --END-- [ RunTime:0.013915s ]
INFO: [ view_end ] --START--
INFO: Run ShowPageTrace Behavior [ RunTime:0.003615s ]
INFO: [ view_end ] --END-- [ RunTime:0.003661s ]

[ 2015-01-31T18:03:25+08:00 ] 127.0.0.1 /lab/cms.php/Public/code?w=60&h=25
INFO: [ route_check ] --START--
INFO: Run CheckRoute Behavior [ RunTime:0.000795s ]
INFO: [ route_check ] --END-- [ RunTime:0.000859s ]
INFO: [ app_begin ] --START--
INFO: Run ReadHtmlCache Behavior [ RunTime:0.000501s ]
INFO: [ app_begin ] --END-- [ RunTime:0.000549s ]

