[ 2015-02-09T11:13:54+08:00 ] ERR: (ThinkException) 非法操作:js
[ 2015-02-09T11:14:03+08:00 ] ERR: (ThinkException) 非法操作:js
[ 2015-02-09T17:51:11+08:00 ] ERR: (ThinkException) 非法操作:js
[ 2015-02-09T17:51:27+08:00 ] ERR: (ThinkException) 非法操作:js
[ 2015-02-09T17:56:00+08:00 ] ERR: (ThinkException) 非法操作:js
[ 2015-02-09T17:56:02+08:00 ] ERR: (ThinkException) 非法操作:js
[ 2015-02-09T18:04:26+08:00 ] ERR: (ThinkException) 非法操作:js
[ 2015-02-09T18:06:28+08:00 ] ERR: (ThinkException) 非法操作:js
[ 2015-02-09T18:08:06+08:00 ] ERR: (ThinkException) 非法操作:js
[ 2015-02-09T18:08:16+08:00 ] ERR: (ThinkException) 非法操作:js
[ 2015-02-09T18:08:41+08:00 ] ERR: (ThinkException) 非法操作:js
[ 2015-02-09T18:53:50+08:00 ] ERR: (ThinkException) 非法操作:js
[ 2015-02-09T18:53:56+08:00 ] ERR: (ThinkException) 非法操作:js
[ 2015-02-09T18:56:30+08:00 ] ERR: (ThinkException) 非法操作:js
[ 2015-02-09T18:58:13+08:00 ] ERR: (ThinkException) 非法操作:js
[ 2015-02-09T18:58:54+08:00 ] ERR: (ThinkException) 非法操作:js
[ 2015-02-09T19:01:50+08:00 ] ERR: (ThinkException) 非法操作:js
[ 2015-02-09T19:22:36+08:00 ] ERR: (ThinkException) 非法操作:
[ 2015-02-09T19:23:10+08:00 ] ERR: (ThinkException) 非法操作:javascript :history.back(-1)
[ 2015-02-09T19:27:03+08:00 ] ERR: (ThinkException) 非法操作:javascript :history.back(-1);
[ 2015-02-09T19:28:19+08:00 ] ERR: (ThinkException) 非法操作:javascript :history.back(-1);
[ 2015-02-09T19:32:45+08:00 ] ERR: (ThinkException) 非法操作:js
[ 2015-02-09T19:32:45+08:00 ] ERR: (ThinkException) 非法操作:js
[ 2015-02-09T19:37:04+08:00 ] ERR: (ThinkException) 非法操作:js
[ 2015-02-09T19:48:57+08:00 ] ERR: (ThinkException) 非法操作:js
[ 2015-02-09T20:07:59+08:00 ] ERR: (ThinkException) 非法操作:recycle_search_apply
[ 2015-02-09T20:08:59+08:00 ] ERR: (ThinkException) 非法操作:recycle_notice
[ 2015-02-09T20:09:00+08:00 ] ERR: (ThinkException) 非法操作:recycle_notice
[ 2015-02-09T20:09:06+08:00 ] ERR: (ThinkException) 非法操作:recycle_picure
