[ 2015-01-30T18:56:17+08:00 ] 127.0.0.1 /lab/admin.php/Login/login
INFO: [ route_check ] --START--
INFO: Run CheckRoute Behavior [ RunTime:0.000726s ]
INFO: [ route_check ] --END-- [ RunTime:0.000780s ]
INFO: [ app_begin ] --START--
INFO: Run ReadHtmlCache Behavior [ RunTime:0.000427s ]
INFO: [ app_begin ] --END-- [ RunTime:0.000471s ]
INFO: [ view_template ] --START--
INFO: Run LocationTemplate Behavior [ RunTime:0.004118s ]
INFO: [ view_template ] --END-- [ RunTime:0.004194s ]
INFO: [ view_parse ] --START--
INFO: Run ParseTemplate Behavior [ RunTime:0.045195s ]
INFO: [ view_parse ] --END-- [ RunTime:0.045277s ]
INFO: [ view_filter ] --START--
INFO: Run ContentReplace Behavior [ RunTime:0.003828s ]
INFO: Run TokenBuild Behavior [ RunTime:0.003908s ]
INFO: Run WriteHtmlCache Behavior [ RunTime:0.003714s ]
INFO: Run ShowRuntime Behavior [ RunTime:0.004467s ]
INFO: [ view_filter ] --END-- [ RunTime:0.016108s ]
INFO: [ view_end ] --START--
INFO: Run ShowPageTrace Behavior [ RunTime:0.003993s ]
INFO: [ view_end ] --END-- [ RunTime:0.004044s ]

[ 2015-01-30T18:56:17+08:00 ] 127.0.0.1 /lab/admin.php/Public/code?w=60&h=25
INFO: [ route_check ] --START--
INFO: Run CheckRoute Behavior [ RunTime:0.001819s ]
INFO: [ route_check ] --END-- [ RunTime:0.001924s ]
INFO: [ app_begin ] --START--
INFO: Run ReadHtmlCache Behavior [ RunTime:0.002079s ]
INFO: [ app_begin ] --END-- [ RunTime:0.002213s ]

[ 2015-01-30T18:56:21+08:00 ] 127.0.0.1 /lab/admin.php/Login/doLogin
INFO: [ route_check ] --START--
INFO: Run CheckRoute Behavior [ RunTime:0.000599s ]
INFO: [ route_check ] --END-- [ RunTime:0.000652s ]
INFO: [ app_begin ] --START--
INFO: Run ReadHtmlCache Behavior [ RunTime:0.000406s ]
INFO: [ app_begin ] --END-- [ RunTime:0.000448s ]
SQL: SHOW COLUMNS FROM `lab_user` [ RunTime:0.006884s ]
SQL: SELECT `id` FROM `lab_user` WHERE ( `username` = '250448196@qq.com' ) AND ( `password` = '0cc175b9c0f1b6a831c399e269772661' ) LIMIT 1   [ RunTime:0.001707s ]
INFO: [ view_template ] --START--
INFO: Run LocationTemplate Behavior [ RunTime:0.000779s ]
INFO: [ view_template ] --END-- [ RunTime:0.000821s ]
INFO: [ view_parse ] --START--
INFO: Run ParseTemplate Behavior [ RunTime:0.017023s ]
INFO: [ view_parse ] --END-- [ RunTime:0.017109s ]
INFO: [ view_filter ] --START--
INFO: Run ContentReplace Behavior [ RunTime:0.000375s ]
INFO: Run TokenBuild Behavior [ RunTime:0.000370s ]
INFO: Run WriteHtmlCache Behavior [ RunTime:0.000278s ]
INFO: Run ShowRuntime Behavior [ RunTime:0.000414s ]
INFO: [ view_filter ] --END-- [ RunTime:0.001537s ]
INFO: [ view_end ] --START--
INFO: Run ShowPageTrace Behavior [ RunTime:0.000518s ]
INFO: [ view_end ] --END-- [ RunTime:0.000566s ]

[ 2015-01-30T18:56:22+08:00 ] 127.0.0.1 /lab/admin.php/Index/index
INFO: [ route_check ] --START--
INFO: Run CheckRoute Behavior [ RunTime:0.000597s ]
INFO: [ route_check ] --END-- [ RunTime:0.000650s ]
INFO: [ app_begin ] --START--
INFO: Run ReadHtmlCache Behavior [ RunTime:0.000420s ]
INFO: [ app_begin ] --END-- [ RunTime:0.000466s ]
SQL: SHOW COLUMNS FROM `lab_user` [ RunTime:0.006774s ]
SQL: SELECT `role` FROM `lab_user` WHERE ( `username` = '250448196@qq.com' ) LIMIT 1   [ RunTime:0.000195s ]
INFO: [ view_template ] --START--
INFO: Run LocationTemplate Behavior [ RunTime:0.000558s ]
INFO: [ view_template ] --END-- [ RunTime:0.000603s ]
INFO: [ view_parse ] --START--
INFO: Run ParseTemplate Behavior [ RunTime:0.006254s ]
INFO: [ view_parse ] --END-- [ RunTime:0.006301s ]
INFO: [ view_filter ] --START--
INFO: Run ContentReplace Behavior [ RunTime:0.000319s ]
INFO: Run TokenBuild Behavior [ RunTime:0.000297s ]
INFO: Run WriteHtmlCache Behavior [ RunTime:0.000224s ]
INFO: Run ShowRuntime Behavior [ RunTime:0.000357s ]
INFO: [ view_filter ] --END-- [ RunTime:0.001319s ]
INFO: [ view_end ] --START--
INFO: Run ShowPageTrace Behavior [ RunTime:0.000461s ]
INFO: [ view_end ] --END-- [ RunTime:0.000499s ]

[ 2015-01-30T18:56:22+08:00 ] 127.0.0.1 /lab/admin.php/Appointment/index
INFO: [ route_check ] --START--
INFO: Run CheckRoute Behavior [ RunTime:0.001435s ]
INFO: [ route_check ] --END-- [ RunTime:0.001548s ]
INFO: [ app_begin ] --START--
INFO: Run ReadHtmlCache Behavior [ RunTime:0.003735s ]
INFO: [ app_begin ] --END-- [ RunTime:0.003859s ]
SQL: SHOW COLUMNS FROM `lab_user` [ RunTime:0.006282s ]
SQL: SELECT `role` FROM `lab_user` WHERE ( `username` = '250448196@qq.com' ) LIMIT 1   [ RunTime:0.000418s ]
SQL: SHOW COLUMNS FROM `lab_event` [ RunTime:0.012906s ]
SQL: SELECT `starttime`,`finaltime` FROM `lab_event` WHERE ( `starttime` LIKE '2015-01-30%' )  [ RunTime:0.000246s ]
NOTIC: [8] Undefined variable: judge C:\wamp\www\lab\Admin\Lib\Action\AppointmentAction.class.php 第 33 行.
INFO: [ view_template ] --START--
INFO: Run LocationTemplate Behavior [ RunTime:0.000710s ]
INFO: [ view_template ] --END-- [ RunTime:0.000760s ]
INFO: [ view_parse ] --START--
INFO: Run ParseTemplate Behavior [ RunTime:0.025304s ]
INFO: [ view_parse ] --END-- [ RunTime:0.025375s ]
INFO: [ view_filter ] --START--
INFO: Run ContentReplace Behavior [ RunTime:0.000535s ]
INFO: Run TokenBuild Behavior [ RunTime:0.000385s ]
INFO: Run WriteHtmlCache Behavior [ RunTime:0.000289s ]
INFO: Run ShowRuntime Behavior [ RunTime:0.000437s ]
INFO: [ view_filter ] --END-- [ RunTime:0.001753s ]
INFO: [ view_end ] --START--
INFO: Run ShowPageTrace Behavior [ RunTime:0.000483s ]
INFO: [ view_end ] --END-- [ RunTime:0.000519s ]

[ 2015-01-30T18:56:22+08:00 ] ERR: (ThinkException) 非法操作:js
[ 2015-01-30T18:56:22+08:00 ] ERR: (ThinkException) 非法操作:js
[ 2015-01-30T18:56:23+08:00 ] 127.0.0.1 /lab/admin.php/User/userview
INFO: [ route_check ] --START--
INFO: Run CheckRoute Behavior [ RunTime:0.000654s ]
INFO: [ route_check ] --END-- [ RunTime:0.000702s ]
INFO: [ app_begin ] --START--
INFO: Run ReadHtmlCache Behavior [ RunTime:0.000472s ]
INFO: [ app_begin ] --END-- [ RunTime:0.000513s ]
SQL: SHOW COLUMNS FROM `lab_user` [ RunTime:0.006499s ]
SQL: SELECT `role` FROM `lab_user` WHERE ( `username` = '250448196@qq.com' ) LIMIT 1   [ RunTime:0.000187s ]
SQL: SELECT COUNT(*) AS tp_count FROM `lab_user` WHERE ( role=1 OR role=2 ) ORDER BY id desc LIMIT 1   [ RunTime:0.000577s ]
SQL: SELECT * FROM `lab_user` WHERE ( role=1 OR role=2 ) ORDER BY id desc LIMIT 0,5   [ RunTime:0.000228s ]
INFO: [ view_template ] --START--
INFO: Run LocationTemplate Behavior [ RunTime:0.000552s ]
INFO: [ view_template ] --END-- [ RunTime:0.000591s ]
INFO: [ view_parse ] --START--
INFO: Run ParseTemplate Behavior [ RunTime:0.021810s ]
INFO: [ view_parse ] --END-- [ RunTime:0.021866s ]
INFO: [ view_filter ] --START--
INFO: Run ContentReplace Behavior [ RunTime:0.000442s ]
INFO: Run TokenBuild Behavior [ RunTime:0.000444s ]
INFO: Run WriteHtmlCache Behavior [ RunTime:0.000333s ]
INFO: Run ShowRuntime Behavior [ RunTime:0.000500s ]
INFO: [ view_filter ] --END-- [ RunTime:0.001839s ]
INFO: [ view_end ] --START--
INFO: Run ShowPageTrace Behavior [ RunTime:0.000564s ]
INFO: [ view_end ] --END-- [ RunTime:0.000599s ]

[ 2015-01-30T18:56:28+08:00 ] 127.0.0.1 /lab/admin.php/User/userview/p/2
INFO: [ route_check ] --START--
INFO: Run CheckRoute Behavior [ RunTime:0.000676s ]
INFO: [ route_check ] --END-- [ RunTime:0.000743s ]
INFO: [ app_begin ] --START--
INFO: Run ReadHtmlCache Behavior [ RunTime:0.000580s ]
INFO: [ app_begin ] --END-- [ RunTime:0.000716s ]
SQL: SHOW COLUMNS FROM `lab_user` [ RunTime:0.006589s ]
SQL: SELECT `role` FROM `lab_user` WHERE ( `username` = '250448196@qq.com' ) LIMIT 1   [ RunTime:0.000182s ]
SQL: SELECT COUNT(*) AS tp_count FROM `lab_user` WHERE ( role=1 OR role=2 ) ORDER BY id desc LIMIT 1   [ RunTime:0.000194s ]
SQL: SELECT * FROM `lab_user` WHERE ( role=1 OR role=2 ) ORDER BY id desc LIMIT 5,5   [ RunTime:0.000239s ]
INFO: [ view_template ] --START--
INFO: Run LocationTemplate Behavior [ RunTime:0.000410s ]
INFO: [ view_template ] --END-- [ RunTime:0.000453s ]
INFO: [ view_parse ] --START--
INFO: Run ParseTemplate Behavior [ RunTime:0.008047s ]
INFO: [ view_parse ] --END-- [ RunTime:0.008115s ]
INFO: [ view_filter ] --START--
INFO: Run ContentReplace Behavior [ RunTime:0.000381s ]
INFO: Run TokenBuild Behavior [ RunTime:0.000294s ]
INFO: Run WriteHtmlCache Behavior [ RunTime:0.000215s ]
INFO: Run ShowRuntime Behavior [ RunTime:0.000434s ]
INFO: [ view_filter ] --END-- [ RunTime:0.001421s ]
INFO: [ view_end ] --START--
INFO: Run ShowPageTrace Behavior [ RunTime:0.000467s ]
INFO: [ view_end ] --END-- [ RunTime:0.000498s ]

[ 2015-01-30T18:56:33+08:00 ] 127.0.0.1 /lab/admin.php/User/userview/p/1
INFO: [ route_check ] --START--
INFO: Run CheckRoute Behavior [ RunTime:0.000721s ]
INFO: [ route_check ] --END-- [ RunTime:0.000793s ]
INFO: [ app_begin ] --START--
INFO: Run ReadHtmlCache Behavior [ RunTime:0.000450s ]
INFO: [ app_begin ] --END-- [ RunTime:0.000493s ]
SQL: SHOW COLUMNS FROM `lab_user` [ RunTime:0.007955s ]
SQL: SELECT `role` FROM `lab_user` WHERE ( `username` = '250448196@qq.com' ) LIMIT 1   [ RunTime:0.000240s ]
SQL: SELECT COUNT(*) AS tp_count FROM `lab_user` WHERE ( role=1 OR role=2 ) ORDER BY id desc LIMIT 1   [ RunTime:0.000217s ]
SQL: SELECT * FROM `lab_user` WHERE ( role=1 OR role=2 ) ORDER BY id desc LIMIT 0,5   [ RunTime:0.000273s ]
INFO: [ view_template ] --START--
INFO: Run LocationTemplate Behavior [ RunTime:0.000451s ]
INFO: [ view_template ] --END-- [ RunTime:0.000494s ]
INFO: [ view_parse ] --START--
INFO: Run ParseTemplate Behavior [ RunTime:0.008168s ]
INFO: [ view_parse ] --END-- [ RunTime:0.008220s ]
INFO: [ view_filter ] --START--
INFO: Run ContentReplace Behavior [ RunTime:0.000415s ]
INFO: Run TokenBuild Behavior [ RunTime:0.000378s ]
INFO: Run WriteHtmlCache Behavior [ RunTime:0.000308s ]
INFO: Run ShowRuntime Behavior [ RunTime:0.000441s ]
INFO: [ view_filter ] --END-- [ RunTime:0.001650s ]
INFO: [ view_end ] --START--
INFO: Run ShowPageTrace Behavior [ RunTime:0.000526s ]
INFO: [ view_end ] --END-- [ RunTime:0.000560s ]

[ 2015-01-30T18:56:48+08:00 ] 127.0.0.1 /lab/admin.php/User/userview/p/2
INFO: [ route_check ] --START--
INFO: Run CheckRoute Behavior [ RunTime:0.000582s ]
INFO: [ route_check ] --END-- [ RunTime:0.000635s ]
INFO: [ app_begin ] --START--
INFO: Run ReadHtmlCache Behavior [ RunTime:0.000412s ]
INFO: [ app_begin ] --END-- [ RunTime:0.000451s ]
SQL: SHOW COLUMNS FROM `lab_user` [ RunTime:0.006808s ]
SQL: SELECT `role` FROM `lab_user` WHERE ( `username` = '250448196@qq.com' ) LIMIT 1   [ RunTime:0.000252s ]
SQL: SELECT COUNT(*) AS tp_count FROM `lab_user` WHERE ( role=1 OR role=2 ) ORDER BY id desc LIMIT 1   [ RunTime:0.000238s ]
SQL: SELECT * FROM `lab_user` WHERE ( role=1 OR role=2 ) ORDER BY id desc LIMIT 5,5   [ RunTime:0.000255s ]
INFO: [ view_template ] --START--
INFO: Run LocationTemplate Behavior [ RunTime:0.000418s ]
INFO: [ view_template ] --END-- [ RunTime:0.000461s ]
INFO: [ view_parse ] --START--
INFO: Run ParseTemplate Behavior [ RunTime:0.008223s ]
INFO: [ view_parse ] --END-- [ RunTime:0.008276s ]
INFO: [ view_filter ] --START--
INFO: Run ContentReplace Behavior [ RunTime:0.000366s ]
INFO: Run TokenBuild Behavior [ RunTime:0.000362s ]
INFO: Run WriteHtmlCache Behavior [ RunTime:0.000343s ]
INFO: Run ShowRuntime Behavior [ RunTime:0.000422s ]
INFO: [ view_filter ] --END-- [ RunTime:0.001611s ]
INFO: [ view_end ] --START--
INFO: Run ShowPageTrace Behavior [ RunTime:0.000566s ]
INFO: [ view_end ] --END-- [ RunTime:0.000621s ]

[ 2015-01-30T18:56:50+08:00 ] 127.0.0.1 /lab/admin.php/User/usercheck
INFO: [ route_check ] --START--
INFO: Run CheckRoute Behavior [ RunTime:0.000678s ]
INFO: [ route_check ] --END-- [ RunTime:0.000724s ]
INFO: [ app_begin ] --START--
INFO: Run ReadHtmlCache Behavior [ RunTime:0.000382s ]
INFO: [ app_begin ] --END-- [ RunTime:0.000420s ]
SQL: SHOW COLUMNS FROM `lab_user` [ RunTime:0.006172s ]
SQL: SELECT `role` FROM `lab_user` WHERE ( `username` = '250448196@qq.com' ) LIMIT 1   [ RunTime:0.000188s ]
SQL: SELECT COUNT(*) AS tp_count FROM `lab_user` WHERE ( role=0 ) ORDER BY id desc LIMIT 1   [ RunTime:0.000160s ]
SQL: SELECT * FROM `lab_user` WHERE ( role=0 ) ORDER BY id desc  [ RunTime:0.000209s ]
INFO: [ view_template ] --START--
INFO: Run LocationTemplate Behavior [ RunTime:0.000446s ]
INFO: [ view_template ] --END-- [ RunTime:0.000484s ]
INFO: [ view_parse ] --START--
INFO: Run ParseTemplate Behavior [ RunTime:0.022439s ]
INFO: [ view_parse ] --END-- [ RunTime:0.022499s ]
INFO: [ view_filter ] --START--
INFO: Run ContentReplace Behavior [ RunTime:0.000466s ]
INFO: Run TokenBuild Behavior [ RunTime:0.000564s ]
INFO: Run WriteHtmlCache Behavior [ RunTime:0.000322s ]
INFO: Run ShowRuntime Behavior [ RunTime:0.000448s ]
INFO: [ view_filter ] --END-- [ RunTime:0.001908s ]
INFO: [ view_end ] --START--
INFO: Run ShowPageTrace Behavior [ RunTime:0.000615s ]
INFO: [ view_end ] --END-- [ RunTime:0.000650s ]

[ 2015-01-30T18:56:51+08:00 ] 127.0.0.1 /lab/admin.php/Entry/entryview
INFO: [ route_check ] --START--
INFO: Run CheckRoute Behavior [ RunTime:0.000630s ]
INFO: [ route_check ] --END-- [ RunTime:0.000679s ]
INFO: [ app_begin ] --START--
INFO: Run ReadHtmlCache Behavior [ RunTime:0.000418s ]
INFO: [ app_begin ] --END-- [ RunTime:0.000574s ]
SQL: SHOW COLUMNS FROM `lab_user` [ RunTime:0.006739s ]
SQL: SELECT `role` FROM `lab_user` WHERE ( `username` = '250448196@qq.com' ) LIMIT 1   [ RunTime:0.000182s ]
SQL: SHOW COLUMNS FROM `lab_event` [ RunTime:0.005557s ]
SQL: SHOW COLUMNS FROM `lab_user` [ RunTime:0.004548s ]
SQL: SELECT COUNT(*) AS tp_count FROM lab_event Event  JOIN lab_user user ON User.id=Event.uid WHERE ( state=1 ) LIMIT 1   [ RunTime:0.000231s ]
SQL: SELECT Event.id AS id,Event.testname AS testname,Event.testcontent AS testcontent,Event.principal AS principal,Event.total AS total,Event.starttime AS starttime,Event.finaltime AS finaltime,Event.hour AS hour,Event.state AS state,Event.time AS time,user.truename AS truename FROM lab_event Event  JOIN lab_user user ON User.id=Event.uid WHERE ( state=1 ) LIMIT 0,5   [ RunTime:0.000219s ]
INFO: [ view_template ] --START--
INFO: Run LocationTemplate Behavior [ RunTime:0.000517s ]
INFO: [ view_template ] --END-- [ RunTime:0.000560s ]
INFO: [ view_parse ] --START--
NOTIC: [8] Undefined index: uid C:\wamp\www\lab\Admin\Runtime\Cache\faadbbe6e29c5799263156556560b9eb.php 第 80 行.
NOTIC: [8] Undefined index: uid C:\wamp\www\lab\Admin\Runtime\Cache\faadbbe6e29c5799263156556560b9eb.php 第 80 行.
NOTIC: [8] Undefined index: uid C:\wamp\www\lab\Admin\Runtime\Cache\faadbbe6e29c5799263156556560b9eb.php 第 80 行.
NOTIC: [8] Undefined index: uid C:\wamp\www\lab\Admin\Runtime\Cache\faadbbe6e29c5799263156556560b9eb.php 第 80 行.
NOTIC: [8] Undefined index: uid C:\wamp\www\lab\Admin\Runtime\Cache\faadbbe6e29c5799263156556560b9eb.php 第 80 行.
INFO: Run ParseTemplate Behavior [ RunTime:0.013016s ]
INFO: [ view_parse ] --END-- [ RunTime:0.013065s ]
INFO: [ view_filter ] --START--
INFO: Run ContentReplace Behavior [ RunTime:0.000377s ]
INFO: Run TokenBuild Behavior [ RunTime:0.000352s ]
INFO: Run WriteHtmlCache Behavior [ RunTime:0.000221s ]
INFO: Run ShowRuntime Behavior [ RunTime:0.000359s ]
INFO: [ view_filter ] --END-- [ RunTime:0.001412s ]
INFO: [ view_end ] --START--
INFO: Run ShowPageTrace Behavior [ RunTime:0.000497s ]
INFO: [ view_end ] --END-- [ RunTime:0.000531s ]

[ 2015-01-30T18:56:52+08:00 ] 127.0.0.1 /lab/admin.php/Entry/entrycheck
INFO: [ route_check ] --START--
INFO: Run CheckRoute Behavior [ RunTime:0.000634s ]
INFO: [ route_check ] --END-- [ RunTime:0.000684s ]
INFO: [ app_begin ] --START--
INFO: Run ReadHtmlCache Behavior [ RunTime:0.000455s ]
INFO: [ app_begin ] --END-- [ RunTime:0.000496s ]
SQL: SHOW COLUMNS FROM `lab_user` [ RunTime:0.006440s ]
SQL: SELECT `role` FROM `lab_user` WHERE ( `username` = '250448196@qq.com' ) LIMIT 1   [ RunTime:0.000179s ]
SQL: SHOW COLUMNS FROM `lab_event` [ RunTime:0.005341s ]
SQL: SHOW COLUMNS FROM `lab_user` [ RunTime:0.004656s ]
SQL: SELECT COUNT(*) AS tp_count FROM lab_event Event  JOIN lab_user user ON User.id=Event.uid WHERE ( state=0 ) LIMIT 1   [ RunTime:0.000219s ]
SQL: SELECT Event.id AS id,Event.testname AS testname,Event.testcontent AS testcontent,Event.principal AS principal,Event.total AS total,Event.starttime AS starttime,Event.finaltime AS finaltime,Event.hour AS hour,Event.state AS state,Event.time AS time,user.truename AS truename FROM lab_event Event  JOIN lab_user user ON User.id=Event.uid WHERE ( state=0 ) LIMIT 0,5   [ RunTime:0.000261s ]
INFO: [ view_template ] --START--
INFO: Run LocationTemplate Behavior [ RunTime:0.000549s ]
INFO: [ view_template ] --END-- [ RunTime:0.000589s ]
INFO: [ view_parse ] --START--
NOTIC: [8] Undefined index: uid C:\wamp\www\lab\Admin\Runtime\Cache\673ff6b3bb08a3715fd8035681e6d59b.php 第 200 行.
NOTIC: [8] Undefined index: uid C:\wamp\www\lab\Admin\Runtime\Cache\673ff6b3bb08a3715fd8035681e6d59b.php 第 200 行.
NOTIC: [8] Undefined index: uid C:\wamp\www\lab\Admin\Runtime\Cache\673ff6b3bb08a3715fd8035681e6d59b.php 第 200 行.
INFO: Run ParseTemplate Behavior [ RunTime:0.021718s ]
INFO: [ view_parse ] --END-- [ RunTime:0.021765s ]
INFO: [ view_filter ] --START--
INFO: Run ContentReplace Behavior [ RunTime:0.000447s ]
INFO: Run TokenBuild Behavior [ RunTime:0.000419s ]
INFO: Run WriteHtmlCache Behavior [ RunTime:0.000301s ]
INFO: Run ShowRuntime Behavior [ RunTime:0.000451s ]
INFO: [ view_filter ] --END-- [ RunTime:0.001722s ]
INFO: [ view_end ] --START--
INFO: Run ShowPageTrace Behavior [ RunTime:0.000507s ]
INFO: [ view_end ] --END-- [ RunTime:0.000542s ]

[ 2015-01-30T18:56:53+08:00 ] 127.0.0.1 /lab/admin.php/Entry/entryview
INFO: [ route_check ] --START--
INFO: Run CheckRoute Behavior [ RunTime:0.000582s ]
INFO: [ route_check ] --END-- [ RunTime:0.000632s ]
INFO: [ app_begin ] --START--
INFO: Run ReadHtmlCache Behavior [ RunTime:0.000402s ]
INFO: [ app_begin ] --END-- [ RunTime:0.000441s ]
SQL: SHOW COLUMNS FROM `lab_user` [ RunTime:0.006480s ]
SQL: SELECT `role` FROM `lab_user` WHERE ( `username` = '250448196@qq.com' ) LIMIT 1   [ RunTime:0.000192s ]
SQL: SHOW COLUMNS FROM `lab_event` [ RunTime:0.005469s ]
SQL: SHOW COLUMNS FROM `lab_user` [ RunTime:0.004717s ]
SQL: SELECT COUNT(*) AS tp_count FROM lab_event Event  JOIN lab_user user ON User.id=Event.uid WHERE ( state=1 ) LIMIT 1   [ RunTime:0.000208s ]
SQL: SELECT Event.id AS id,Event.testname AS testname,Event.testcontent AS testcontent,Event.principal AS principal,Event.total AS total,Event.starttime AS starttime,Event.finaltime AS finaltime,Event.hour AS hour,Event.state AS state,Event.time AS time,user.truename AS truename FROM lab_event Event  JOIN lab_user user ON User.id=Event.uid WHERE ( state=1 ) LIMIT 0,5   [ RunTime:0.000245s ]
INFO: [ view_template ] --START--
INFO: Run LocationTemplate Behavior [ RunTime:0.000520s ]
INFO: [ view_template ] --END-- [ RunTime:0.000563s ]
INFO: [ view_parse ] --START--
NOTIC: [8] Undefined index: uid C:\wamp\www\lab\Admin\Runtime\Cache\faadbbe6e29c5799263156556560b9eb.php 第 80 行.
NOTIC: [8] Undefined index: uid C:\wamp\www\lab\Admin\Runtime\Cache\faadbbe6e29c5799263156556560b9eb.php 第 80 行.
NOTIC: [8] Undefined index: uid C:\wamp\www\lab\Admin\Runtime\Cache\faadbbe6e29c5799263156556560b9eb.php 第 80 行.
NOTIC: [8] Undefined index: uid C:\wamp\www\lab\Admin\Runtime\Cache\faadbbe6e29c5799263156556560b9eb.php 第 80 行.
NOTIC: [8] Undefined index: uid C:\wamp\www\lab\Admin\Runtime\Cache\faadbbe6e29c5799263156556560b9eb.php 第 80 行.
INFO: Run ParseTemplate Behavior [ RunTime:0.007111s ]
INFO: [ view_parse ] --END-- [ RunTime:0.007157s ]
INFO: [ view_filter ] --START--
INFO: Run ContentReplace Behavior [ RunTime:0.000411s ]
INFO: Run TokenBuild Behavior [ RunTime:0.000306s ]
INFO: Run WriteHtmlCache Behavior [ RunTime:0.000222s ]
INFO: Run ShowRuntime Behavior [ RunTime:0.000344s ]
INFO: [ view_filter ] --END-- [ RunTime:0.001387s ]
INFO: [ view_end ] --START--
INFO: Run ShowPageTrace Behavior [ RunTime:0.000433s ]
INFO: [ view_end ] --END-- [ RunTime:0.000468s ]

[ 2015-01-30T18:57:02+08:00 ] 127.0.0.1 /lab/admin.php/Entry/entrycheck
INFO: [ route_check ] --START--
INFO: Run CheckRoute Behavior [ RunTime:0.000791s ]
INFO: [ route_check ] --END-- [ RunTime:0.000843s ]
INFO: [ app_begin ] --START--
INFO: Run ReadHtmlCache Behavior [ RunTime:0.000526s ]
INFO: [ app_begin ] --END-- [ RunTime:0.000566s ]
SQL: SHOW COLUMNS FROM `lab_user` [ RunTime:0.006460s ]
SQL: SELECT `role` FROM `lab_user` WHERE ( `username` = '250448196@qq.com' ) LIMIT 1   [ RunTime:0.000184s ]
SQL: SHOW COLUMNS FROM `lab_event` [ RunTime:0.005512s ]
SQL: SHOW COLUMNS FROM `lab_user` [ RunTime:0.004698s ]
SQL: SELECT COUNT(*) AS tp_count FROM lab_event Event  JOIN lab_user user ON User.id=Event.uid WHERE ( state=0 ) LIMIT 1   [ RunTime:0.000240s ]
SQL: SELECT Event.id AS id,Event.testname AS testname,Event.testcontent AS testcontent,Event.principal AS principal,Event.total AS total,Event.starttime AS starttime,Event.finaltime AS finaltime,Event.hour AS hour,Event.state AS state,Event.time AS time,user.truename AS truename FROM lab_event Event  JOIN lab_user user ON User.id=Event.uid WHERE ( state=0 ) LIMIT 0,5   [ RunTime:0.000237s ]
INFO: [ view_template ] --START--
INFO: Run LocationTemplate Behavior [ RunTime:0.000581s ]
INFO: [ view_template ] --END-- [ RunTime:0.000620s ]
INFO: [ view_parse ] --START--
NOTIC: [8] Undefined index: uid C:\wamp\www\lab\Admin\Runtime\Cache\673ff6b3bb08a3715fd8035681e6d59b.php 第 200 行.
NOTIC: [8] Undefined index: uid C:\wamp\www\lab\Admin\Runtime\Cache\673ff6b3bb08a3715fd8035681e6d59b.php 第 200 行.
NOTIC: [8] Undefined index: uid C:\wamp\www\lab\Admin\Runtime\Cache\673ff6b3bb08a3715fd8035681e6d59b.php 第 200 行.
INFO: Run ParseTemplate Behavior [ RunTime:0.011919s ]
INFO: [ view_parse ] --END-- [ RunTime:0.011966s ]
INFO: [ view_filter ] --START--
INFO: Run ContentReplace Behavior [ RunTime:0.000471s ]
INFO: Run TokenBuild Behavior [ RunTime:0.000426s ]
INFO: Run WriteHtmlCache Behavior [ RunTime:0.000379s ]
INFO: Run ShowRuntime Behavior [ RunTime:0.000485s ]
INFO: [ view_filter ] --END-- [ RunTime:0.001868s ]
INFO: [ view_end ] --START--
INFO: Run ShowPageTrace Behavior [ RunTime:0.000687s ]
INFO: [ view_end ] --END-- [ RunTime:0.000723s ]

[ 2015-01-30T18:57:03+08:00 ] 127.0.0.1 /lab/admin.php/Notice/index
INFO: [ route_check ] --START--
INFO: Run CheckRoute Behavior [ RunTime:0.000715s ]
INFO: [ route_check ] --END-- [ RunTime:0.000763s ]
INFO: [ app_begin ] --START--
INFO: Run ReadHtmlCache Behavior [ RunTime:0.000429s ]
INFO: [ app_begin ] --END-- [ RunTime:0.000467s ]
SQL: SHOW COLUMNS FROM `lab_user` [ RunTime:0.007310s ]
SQL: SELECT `role` FROM `lab_user` WHERE ( `username` = '250448196@qq.com' ) LIMIT 1   [ RunTime:0.000189s ]
SQL: SHOW COLUMNS FROM `lab_notice` [ RunTime:0.011590s ]
SQL: SELECT * FROM `lab_notice` ORDER BY id desc  [ RunTime:0.000270s ]
SQL: SHOW COLUMNS FROM `lab_user` [ RunTime:0.004915s ]
SQL: SELECT `truename` FROM `lab_user` WHERE ( 1=1 AND id='25' ) LIMIT 1   [ RunTime:0.000265s ]
SQL: SELECT `truename` FROM `lab_user` WHERE ( 1=1 AND id='25' ) LIMIT 1   [ RunTime:0.000161s ]
SQL: SELECT `truename` FROM `lab_user` WHERE ( 1=1 AND id='25' ) LIMIT 1   [ RunTime:0.000156s ]
SQL: SELECT * FROM `lab_notice` ORDER BY id desc  [ RunTime:0.000196s ]
SQL: SELECT `truename` FROM `lab_user` WHERE ( 1=1 AND id='25' ) LIMIT 1   [ RunTime:0.000155s ]
SQL: SELECT `truename` FROM `lab_user` WHERE ( 1=1 AND id='25' ) LIMIT 1   [ RunTime:0.000151s ]
SQL: SELECT `truename` FROM `lab_user` WHERE ( 1=1 AND id='25' ) LIMIT 1   [ RunTime:0.000160s ]
INFO: [ view_template ] --START--
INFO: Run LocationTemplate Behavior [ RunTime:0.000568s ]
INFO: [ view_template ] --END-- [ RunTime:0.000609s ]
INFO: [ view_parse ] --START--
INFO: Run ParseTemplate Behavior [ RunTime:0.012296s ]
INFO: [ view_parse ] --END-- [ RunTime:0.012349s ]
INFO: [ view_filter ] --START--
INFO: Run ContentReplace Behavior [ RunTime:0.000387s ]
INFO: Run TokenBuild Behavior [ RunTime:0.000293s ]
INFO: Run WriteHtmlCache Behavior [ RunTime:0.000221s ]
INFO: Run ShowRuntime Behavior [ RunTime:0.000354s ]
INFO: [ view_filter ] --END-- [ RunTime:0.001352s ]
INFO: [ view_end ] --START--
INFO: Run ShowPageTrace Behavior [ RunTime:0.000446s ]
INFO: [ view_end ] --END-- [ RunTime:0.000480s ]

[ 2015-01-30T18:57:03+08:00 ] ERR: (ThinkException) 非法操作:text
[ 2015-01-30T18:57:04+08:00 ] 127.0.0.1 /lab/admin.php/Appointment/index
INFO: [ route_check ] --START--
INFO: Run CheckRoute Behavior [ RunTime:0.000558s ]
INFO: [ route_check ] --END-- [ RunTime:0.000609s ]
INFO: [ app_begin ] --START--
INFO: Run ReadHtmlCache Behavior [ RunTime:0.000384s ]
INFO: [ app_begin ] --END-- [ RunTime:0.000421s ]
SQL: SHOW COLUMNS FROM `lab_user` [ RunTime:0.006744s ]
SQL: SELECT `role` FROM `lab_user` WHERE ( `username` = '250448196@qq.com' ) LIMIT 1   [ RunTime:0.000193s ]
SQL: SHOW COLUMNS FROM `lab_event` [ RunTime:0.005210s ]
SQL: SELECT `starttime`,`finaltime` FROM `lab_event` WHERE ( `starttime` LIKE '2015-01-30%' )  [ RunTime:0.000191s ]
NOTIC: [8] Undefined variable: judge C:\wamp\www\lab\Admin\Lib\Action\AppointmentAction.class.php 第 33 行.
INFO: [ view_template ] --START--
INFO: Run LocationTemplate Behavior [ RunTime:0.000554s ]
INFO: [ view_template ] --END-- [ RunTime:0.000593s ]
INFO: [ view_parse ] --START--
INFO: Run ParseTemplate Behavior [ RunTime:0.026469s ]
INFO: [ view_parse ] --END-- [ RunTime:0.026535s ]
INFO: [ view_filter ] --START--
INFO: Run ContentReplace Behavior [ RunTime:0.000512s ]
INFO: Run TokenBuild Behavior [ RunTime:0.000483s ]
INFO: Run WriteHtmlCache Behavior [ RunTime:0.000381s ]
INFO: Run ShowRuntime Behavior [ RunTime:0.000473s ]
INFO: [ view_filter ] --END-- [ RunTime:0.001959s ]
INFO: [ view_end ] --START--
INFO: Run ShowPageTrace Behavior [ RunTime:0.000523s ]
INFO: [ view_end ] --END-- [ RunTime:0.000559s ]

[ 2015-01-30T18:57:04+08:00 ] ERR: (ThinkException) 非法操作:js
[ 2015-01-30T18:57:04+08:00 ] ERR: (ThinkException) 非法操作:js
