[ 2015-02-06T09:04:04+08:00 ] 127.0.0.1 /lab/admin.php/Entry/entrystatic
INFO: [ app_begin ] --START--
INFO: Run ReadHtmlCache Behavior [ RunTime:0.001779s ]
INFO: [ app_begin ] --END-- [ RunTime:0.002102s ]
SQL: SHOW COLUMNS FROM `lab_user` [ RunTime:0.013579s ]
SQL: SELECT `role` FROM `lab_user` WHERE ( `username` = '123' ) LIMIT 1   [ RunTime:0.001346s ]
SQL: SHOW COLUMNS FROM `lab_event` [ RunTime:0.012209s ]
SQL: SELECT * FROM `lab_event` WHERE ( `id` IN ('') ) ORDER BY starttime desc  [ RunTime:0.022342s ]
ERR: Unknown column 'starttime' in 'order clause'
 [ SQL语句 ] : SELECT * FROM `lab_event` WHERE ( `id` IN ('') ) ORDER BY starttime desc 

[ 2015-02-06T19:18:10+08:00 ] 127.0.0.1 /lab/admin.php/Entry/entrystatic
INFO: [ app_begin ] --START--
INFO: Run ReadHtmlCache Behavior [ RunTime:0.003299s ]
INFO: [ app_begin ] --END-- [ RunTime:0.003690s ]
SQL: SHOW COLUMNS FROM `lab_user` [ RunTime:0.061679s ]
SQL: SELECT `role` FROM `lab_user` WHERE ( `username` = '123' ) LIMIT 1   [ RunTime:0.001166s ]
SQL: SHOW COLUMNS FROM `lab_event` [ RunTime:0.013812s ]
SQL: SELECT * FROM `lab_event` WHERE ( `id` IN ('') ) ORDER BY starttime desc  [ RunTime:0.001369s ]
ERR: Unknown column 'starttime' in 'order clause'
 [ SQL语句 ] : SELECT * FROM `lab_event` WHERE ( `id` IN ('') ) ORDER BY starttime desc 

[ 2015-02-06T19:18:10+08:00 ] 127.0.0.1 /lab/admin.php/Entry/entrystatic
INFO: [ app_begin ] --START--
INFO: Run ReadHtmlCache Behavior [ RunTime:0.002011s ]
INFO: [ app_begin ] --END-- [ RunTime:0.002339s ]
SQL: SHOW COLUMNS FROM `lab_user` [ RunTime:0.070505s ]
SQL: SELECT `role` FROM `lab_user` WHERE ( `username` = '123' ) LIMIT 1   [ RunTime:0.002113s ]
SQL: SHOW COLUMNS FROM `lab_event` [ RunTime:0.012821s ]
SQL: SELECT * FROM `lab_event` WHERE ( `id` IN ('') ) ORDER BY starttime desc  [ RunTime:0.001285s ]
ERR: Unknown column 'starttime' in 'order clause'
 [ SQL语句 ] : SELECT * FROM `lab_event` WHERE ( `id` IN ('') ) ORDER BY starttime desc 

[ 2015-02-06T19:18:14+08:00 ] 127.0.0.1 /lab/admin.php/Entry/entrystatic
INFO: [ app_begin ] --START--
INFO: Run ReadHtmlCache Behavior [ RunTime:0.001864s ]
INFO: [ app_begin ] --END-- [ RunTime:0.002178s ]
SQL: SHOW COLUMNS FROM `lab_user` [ RunTime:0.017617s ]
SQL: SELECT `role` FROM `lab_user` WHERE ( `username` = '123' ) LIMIT 1   [ RunTime:0.002632s ]
SQL: SHOW COLUMNS FROM `lab_event` [ RunTime:0.046671s ]
SQL: SELECT * FROM `lab_event` WHERE ( `id` IN ('') ) ORDER BY starttime desc  [ RunTime:0.002060s ]
ERR: Unknown column 'starttime' in 'order clause'
 [ SQL语句 ] : SELECT * FROM `lab_event` WHERE ( `id` IN ('') ) ORDER BY starttime desc 

[ 2015-02-06T20:58:54+08:00 ] ERR: (ThinkException) 非法操作:js
[ 2015-02-06T20:58:54+08:00 ] ERR: (ThinkException) 非法操作:js
