[ 2015-02-01T11:41:20+08:00 ] 127.0.0.1 /lab/admin.php/Login/login
INFO: [ route_check ] --START--
INFO: Run CheckRoute Behavior [ RunTime:0.000553s ]
INFO: [ route_check ] --END-- [ RunTime:0.000598s ]
INFO: [ app_begin ] --START--
INFO: Run ReadHtmlCache Behavior [ RunTime:0.000360s ]
INFO: [ app_begin ] --END-- [ RunTime:0.000396s ]
INFO: [ view_template ] --START--
INFO: Run LocationTemplate Behavior [ RunTime:0.004928s ]
INFO: [ view_template ] --END-- [ RunTime:0.004998s ]
INFO: [ view_parse ] --START--
INFO: Run ParseTemplate Behavior [ RunTime:0.048212s ]
INFO: [ view_parse ] --END-- [ RunTime:0.048296s ]
INFO: [ view_filter ] --START--
INFO: Run ContentReplace Behavior [ RunTime:0.003563s ]
INFO: Run TokenBuild Behavior [ RunTime:0.003676s ]
INFO: Run WriteHtmlCache Behavior [ RunTime:0.003453s ]
INFO: Run ShowRuntime Behavior [ RunTime:0.004222s ]
INFO: [ view_filter ] --END-- [ RunTime:0.015075s ]
INFO: [ view_end ] --START--
INFO: Run ShowPageTrace Behavior [ RunTime:0.003442s ]
INFO: [ view_end ] --END-- [ RunTime:0.003483s ]

[ 2015-02-01T11:41:20+08:00 ] 127.0.0.1 /lab/admin.php/Public/code?w=60&h=25
INFO: [ route_check ] --START--
INFO: Run CheckRoute Behavior [ RunTime:0.000845s ]
INFO: [ route_check ] --END-- [ RunTime:0.000924s ]
INFO: [ app_begin ] --START--
INFO: Run ReadHtmlCache Behavior [ RunTime:0.000718s ]
INFO: [ app_begin ] --END-- [ RunTime:0.000805s ]

