[ 2015-02-04T10:53:45+08:00 ] ERR: (ThinkException) 非法操作:js
[ 2015-02-04T10:53:45+08:00 ] ERR: (ThinkException) 非法操作:js
[ 2015-02-04T11:17:13+08:00 ] 127.0.0.1 /lab/admin.php/Entry/entrystatic
INFO: [ app_begin ] --START--
INFO: Run ReadHtmlCache Behavior [ RunTime:0.002911s ]
INFO: [ app_begin ] --END-- [ RunTime:0.003425s ]
SQL: SHOW COLUMNS FROM `lab_user` [ RunTime:0.012627s ]
SQL: SELECT `role` FROM `lab_user` WHERE ( `username` = '123' ) LIMIT 1   [ RunTime:0.001133s ]
SQL: SHOW COLUMNS FROM `lab_event` [ RunTime:0.012447s ]
SQL: SELECT * FROM `lab_event` WHERE ( `id` IN ('') ) ORDER BY starttime desc  [ RunTime:0.000962s ]
ERR: Unknown column 'starttime' in 'order clause'
 [ SQL语句 ] : SELECT * FROM `lab_event` WHERE ( `id` IN ('') ) ORDER BY starttime desc 

[ 2015-02-04T19:10:36+08:00 ] 127.0.0.1 /lab/admin.php/Entry/entrystatic
INFO: [ app_begin ] --START--
INFO: Run ReadHtmlCache Behavior [ RunTime:0.003312s ]
INFO: [ app_begin ] --END-- [ RunTime:0.003682s ]
SQL: SHOW COLUMNS FROM `lab_user` [ RunTime:0.030174s ]
SQL: SELECT `role` FROM `lab_user` WHERE ( `username` = '123' ) LIMIT 1   [ RunTime:0.001878s ]
SQL: SHOW COLUMNS FROM `lab_event` [ RunTime:0.027190s ]
SQL: SELECT * FROM `lab_event` WHERE ( `id` IN ('') ) ORDER BY starttime desc  [ RunTime:0.003095s ]
ERR: Unknown column 'starttime' in 'order clause'
 [ SQL语句 ] : SELECT * FROM `lab_event` WHERE ( `id` IN ('') ) ORDER BY starttime desc 

[ 2015-02-04T19:12:54+08:00 ] ERR: (ThinkException) 非法操作:js
[ 2015-02-04T19:12:54+08:00 ] ERR: (ThinkException) 非法操作:js
[ 2015-02-04T19:12:56+08:00 ] ERR: (ThinkException) 非法操作:text
