[ 2015-02-07T19:37:35+08:00 ] ERR: (ThinkException) 非法操作:text
[ 2015-02-07T19:38:21+08:00 ] ERR: (ThinkException) 非法操作:js
[ 2015-02-07T19:38:22+08:00 ] ERR: (ThinkException) 非法操作:js
[ 2015-02-07T19:38:25+08:00 ] ERR: (ThinkException) 非法操作:js
[ 2015-02-07T19:38:25+08:00 ] ERR: (ThinkException) 非法操作:js
[ 2015-02-07T19:38:26+08:00 ] ERR: (ThinkException) 非法操作:text
[ 2015-02-07T19:38:46+08:00 ] ERR: (ThinkException) 非法操作:text
[ 2015-02-07T19:38:53+08:00 ] ERR: (ThinkException) 非法操作:text
[ 2015-02-07T19:51:24+08:00 ] ERR: (ThinkException) 无法加载模块:Recycle
[ 2015-02-07T19:52:52+08:00 ] ERR: (ThinkException) 无法加载模块:Recycle
[ 2015-02-07T19:53:41+08:00 ] ERR: (ThinkException) 无法加载模块:Recycle
[ 2015-02-07T19:53:42+08:00 ] ERR: (ThinkException) 无法加载模块:Recycle
[ 2015-02-07T20:11:53+08:00 ] ERR: (ThinkException) 无法加载模块:Recycle
[ 2015-02-07T20:20:52+08:00 ] ERR: (ThinkException) 非法操作:Recycle
[ 2015-02-07T20:29:01+08:00 ] ERR: (ThinkException) 非法操作:js
[ 2015-02-07T20:29:01+08:00 ] ERR: (ThinkException) 非法操作:js
[ 2015-02-07T20:58:56+08:00 ] ERR: (ThinkException) 非法操作:text
[ 2015-02-07T21:25:01+08:00 ] ERR: (ThinkException) 非法操作:__URL_
[ 2015-02-07T21:25:03+08:00 ] ERR: (ThinkException) 非法操作:__URL_
[ 2015-02-07T21:25:22+08:00 ] ERR: (ThinkException) 非法操作:__APP_
[ 2015-02-07T21:25:24+08:00 ] ERR: (ThinkException) 非法操作:__APP_
[ 2015-02-07T21:29:14+08:00 ] ERR: (ThinkException) 非法操作:Recycle
[ 2015-02-07T21:33:33+08:00 ] ERR: (ThinkException) 非法操作:Recycle
[ 2015-02-07T21:58:08+08:00 ] ERR: (ThinkException) 非法操作:Recycle
[ 2015-02-07T23:19:55+08:00 ] ERR: (ThinkException) 非法操作:recycle
[ 2015-02-07T23:20:13+08:00 ] ERR: (ThinkException) 非法操作:recycle
[ 2015-02-07T23:20:14+08:00 ] ERR: (ThinkException) 非法操作:recycle
[ 2015-02-07T23:20:15+08:00 ] ERR: (ThinkException) 非法操作:recycle
[ 2015-02-07T23:20:31+08:00 ] ERR: (ThinkException) 非法操作:recycle
