[ 2014-12-17T10:32:19+08:00 ] 127.0.0.1 /lab/index.php/Register/checkName?username=test2
INFO: [ app_begin ] --START--
INFO: Run ReadHtmlCache Behavior [ RunTime:0.000466s ]
INFO: [ app_begin ] --END-- [ RunTime:0.000501s ]
SQL: SHOW COLUMNS FROM `lab_user` [ RunTime:0.005903s ]
SQL: SELECT COUNT(*) AS tp_count FROM `lab_user` WHERE ( `username` = 'test2' ) LIMIT 1   [ RunTime:0.000230s ]

[ 2014-12-17T10:32:49+08:00 ] 127.0.0.1 /lab/index.php/Register/checkName?username=test4
INFO: [ app_begin ] --START--
INFO: Run ReadHtmlCache Behavior [ RunTime:0.000746s ]
INFO: [ app_begin ] --END-- [ RunTime:0.000822s ]
SQL: SHOW COLUMNS FROM `lab_user` [ RunTime:0.009786s ]
SQL: SELECT COUNT(*) AS tp_count FROM `lab_user` WHERE ( `username` = 'test4' ) LIMIT 1   [ RunTime:0.000314s ]

[ 2014-12-17T10:33:16+08:00 ] 127.0.0.1 /lab/index.php/Register/checkName?username=test5
INFO: [ app_begin ] --START--
INFO: Run ReadHtmlCache Behavior [ RunTime:0.000946s ]
INFO: [ app_begin ] --END-- [ RunTime:0.001042s ]
SQL: SHOW COLUMNS FROM `lab_user` [ RunTime:0.007002s ]
SQL: SELECT COUNT(*) AS tp_count FROM `lab_user` WHERE ( `username` = 'test5' ) LIMIT 1   [ RunTime:0.000234s ]

[ 2014-12-17T10:33:43+08:00 ] 127.0.0.1 /lab/index.php/Register/checkName?username=test7
INFO: [ app_begin ] --START--
INFO: Run ReadHtmlCache Behavior [ RunTime:0.000974s ]
INFO: [ app_begin ] --END-- [ RunTime:0.001060s ]
SQL: SHOW COLUMNS FROM `lab_user` [ RunTime:0.006301s ]
SQL: SELECT COUNT(*) AS tp_count FROM `lab_user` WHERE ( `username` = 'test7' ) LIMIT 1   [ RunTime:0.000336s ]

[ 2014-12-17T16:16:15+08:00 ] 127.0.0.1 /lab/index.php/Register/checkName?username=qq250448196
INFO: [ app_begin ] --START--
INFO: Run ReadHtmlCache Behavior [ RunTime:0.000608s ]
INFO: [ app_begin ] --END-- [ RunTime:0.000665s ]
SQL: SHOW COLUMNS FROM `lab_user` [ RunTime:0.007999s ]
SQL: SELECT COUNT(*) AS tp_count FROM `lab_user` WHERE ( `username` = 'qq250448196' ) LIMIT 1   [ RunTime:0.000278s ]

[ 2014-12-17T16:17:59+08:00 ] 127.0.0.1 /lab/index.php/Register/checkName?username=250448196%40qq.com
INFO: [ app_begin ] --START--
INFO: Run ReadHtmlCache Behavior [ RunTime:0.000603s ]
INFO: [ app_begin ] --END-- [ RunTime:0.000642s ]
SQL: SHOW COLUMNS FROM `lab_user` [ RunTime:0.007595s ]
SQL: SELECT COUNT(*) AS tp_count FROM `lab_user` WHERE ( `username` = '250448196@qq.com' ) LIMIT 1   [ RunTime:0.000241s ]

[ 2014-12-17T19:29:15+08:00 ] 127.0.0.1 /lab/index.php/Register/checkName?username=grew
INFO: [ app_begin ] --START--
INFO: Run ReadHtmlCache Behavior [ RunTime:0.000642s ]
INFO: [ app_begin ] --END-- [ RunTime:0.000697s ]
SQL: SHOW COLUMNS FROM `lab_user` [ RunTime:0.008802s ]
SQL: SELECT COUNT(*) AS tp_count FROM `lab_user` WHERE ( `username` = 'grew' ) LIMIT 1   [ RunTime:0.000237s ]

[ 2014-12-17T19:29:50+08:00 ] 127.0.0.1 /lab/index.php/Register/checkName?username=test
INFO: [ app_begin ] --START--
INFO: Run ReadHtmlCache Behavior [ RunTime:0.000839s ]
INFO: [ app_begin ] --END-- [ RunTime:0.000908s ]
SQL: SHOW COLUMNS FROM `lab_user` [ RunTime:0.007528s ]
SQL: SELECT COUNT(*) AS tp_count FROM `lab_user` WHERE ( `username` = 'test' ) LIMIT 1   [ RunTime:0.000193s ]

[ 2014-12-17T19:29:54+08:00 ] 127.0.0.1 /lab/index.php/Register/checkName?username=test
INFO: [ app_begin ] --START--
INFO: Run ReadHtmlCache Behavior [ RunTime:0.000674s ]
INFO: [ app_begin ] --END-- [ RunTime:0.000732s ]
SQL: SHOW COLUMNS FROM `lab_user` [ RunTime:0.009461s ]
SQL: SELECT COUNT(*) AS tp_count FROM `lab_user` WHERE ( `username` = 'test' ) LIMIT 1   [ RunTime:0.000265s ]

