[ 2014-12-30T19:16:53+08:00 ] ERR: (ThinkException) 非法操作:js
[ 2014-12-30T19:16:53+08:00 ] ERR: (ThinkException) 非法操作:js
[ 2014-12-30T19:17:35+08:00 ] ERR: (ThinkException) 非法操作:js
[ 2014-12-30T19:17:35+08:00 ] ERR: (ThinkException) 非法操作:js
[ 2014-12-30T19:19:14+08:00 ] ERR: (ThinkException) 无法加载模块:show
[ 2014-12-30T19:30:30+08:00 ] ERR: (ThinkException) 非法操作:js
[ 2014-12-30T19:30:30+08:00 ] ERR: (ThinkException) 非法操作:js
[ 2014-12-30T19:30:38+08:00 ] ERR: (ThinkException) 非法操作:js
[ 2014-12-30T19:30:38+08:00 ] ERR: (ThinkException) 非法操作:js
[ 2014-12-30T19:30:42+08:00 ] ERR: (ThinkException) 非法操作:m
[ 2014-12-30T19:30:55+08:00 ] ERR: (ThinkException) 非法操作:js
[ 2014-12-30T19:30:55+08:00 ] ERR: (ThinkException) 非法操作:js
[ 2014-12-30T19:30:57+08:00 ] ERR: (ThinkException) 非法操作:js
[ 2014-12-30T19:30:57+08:00 ] ERR: (ThinkException) 非法操作:js
[ 2014-12-30T19:30:58+08:00 ] ERR: (ThinkException) 非法操作:js
[ 2014-12-30T19:30:58+08:00 ] ERR: (ThinkException) 非法操作:js
[ 2014-12-30T19:30:59+08:00 ] ERR: (ThinkException) 非法操作:js
[ 2014-12-30T19:30:59+08:00 ] ERR: (ThinkException) 非法操作:js
[ 2014-12-30T19:31:00+08:00 ] ERR: (ThinkException) 非法操作:js
[ 2014-12-30T19:31:00+08:00 ] ERR: (ThinkException) 非法操作:js
[ 2014-12-30T19:31:01+08:00 ] ERR: (ThinkException) 非法操作:js
[ 2014-12-30T19:31:01+08:00 ] ERR: (ThinkException) 非法操作:js
[ 2014-12-30T19:31:14+08:00 ] ERR: (ThinkException) 非法操作:js
[ 2014-12-30T19:31:14+08:00 ] ERR: (ThinkException) 非法操作:js
[ 2014-12-30T19:34:22+08:00 ] ERR: (ThinkException) 非法操作:js
[ 2014-12-30T19:34:22+08:00 ] ERR: (ThinkException) 非法操作:js
[ 2014-12-30T19:34:30+08:00 ] ERR: (ThinkException) 非法操作:js
[ 2014-12-30T19:34:30+08:00 ] ERR: (ThinkException) 非法操作:js
[ 2014-12-30T19:34:34+08:00 ] ERR: (ThinkException) 非法操作:js
[ 2014-12-30T19:34:34+08:00 ] ERR: (ThinkException) 非法操作:js
[ 2014-12-30T19:34:36+08:00 ] ERR: (ThinkException) 非法操作:js
[ 2014-12-30T19:34:36+08:00 ] ERR: (ThinkException) 非法操作:js
[ 2014-12-30T19:35:18+08:00 ] ERR: (ThinkException) 非法操作:js
[ 2014-12-30T19:35:18+08:00 ] ERR: (ThinkException) 非法操作:js
[ 2014-12-30T19:35:30+08:00 ] ERR: (ThinkException) 非法操作:js
[ 2014-12-30T19:35:30+08:00 ] ERR: (ThinkException) 非法操作:js
[ 2014-12-30T19:35:35+08:00 ] ERR: (ThinkException) 非法操作:js
[ 2014-12-30T19:35:35+08:00 ] ERR: (ThinkException) 非法操作:js
[ 2014-12-30T19:35:53+08:00 ] ERR: (ThinkException) 非法操作:js
[ 2014-12-30T19:35:53+08:00 ] ERR: (ThinkException) 非法操作:js
[ 2014-12-30T19:55:53+08:00 ] ERR: (ThinkException) 无法加载模块:s
[ 2014-12-30T19:55:56+08:00 ] ERR: (ThinkException) 无法加载模块:show
[ 2014-12-30T20:01:07+08:00 ] ERR: (ThinkException) 非法操作:js
[ 2014-12-30T20:01:07+08:00 ] ERR: (ThinkException) 非法操作:js
[ 2014-12-30T20:01:11+08:00 ] ERR: (ThinkException) 非法操作:js
[ 2014-12-30T20:01:11+08:00 ] ERR: (ThinkException) 非法操作:js
[ 2014-12-30T20:04:39+08:00 ] 127.0.0.1 /lab/default.php/Register/checkName?username=test7
INFO: [ app_begin ] --START--
INFO: Run ReadHtmlCache Behavior [ RunTime:0.000468s ]
INFO: [ app_begin ] --END-- [ RunTime:0.000506s ]
SQL: SHOW COLUMNS FROM `lab_user` [ RunTime:0.007015s ]
SQL: SELECT COUNT(*) AS tp_count FROM `lab_user` WHERE ( `username` = 'test7' ) LIMIT 1   [ RunTime:0.000244s ]

[ 2014-12-30T20:05:12+08:00 ] ERR: (ThinkException) 非法操作:js
[ 2014-12-30T20:05:12+08:00 ] ERR: (ThinkException) 非法操作:js
[ 2014-12-30T20:07:26+08:00 ] ERR: (ThinkException) 非法操作:js
[ 2014-12-30T20:07:26+08:00 ] ERR: (ThinkException) 非法操作:js
[ 2014-12-30T20:08:09+08:00 ] ERR: (ThinkException) 非法操作:js
[ 2014-12-30T20:08:09+08:00 ] ERR: (ThinkException) 非法操作:js
[ 2014-12-30T20:10:37+08:00 ] ERR: (ThinkException) 非法操作:js
[ 2014-12-30T20:10:37+08:00 ] ERR: (ThinkException) 非法操作:js
[ 2014-12-30T20:10:42+08:00 ] ERR: (ThinkException) 非法操作:js
[ 2014-12-30T20:10:42+08:00 ] ERR: (ThinkException) 非法操作:js
[ 2014-12-30T20:15:04+08:00 ] ERR: (ThinkException) 非法操作:js
[ 2014-12-30T20:15:04+08:00 ] ERR: (ThinkException) 非法操作:js
[ 2014-12-30T20:15:06+08:00 ] ERR: (ThinkException) 非法操作:js
[ 2014-12-30T20:15:06+08:00 ] ERR: (ThinkException) 非法操作:js
[ 2014-12-30T20:19:35+08:00 ] ERR: (ThinkException) 非法操作:js
[ 2014-12-30T20:19:35+08:00 ] ERR: (ThinkException) 非法操作:js
[ 2014-12-30T20:19:48+08:00 ] ERR: (ThinkException) 非法操作:js
[ 2014-12-30T20:19:48+08:00 ] ERR: (ThinkException) 非法操作:js
[ 2014-12-30T20:25:27+08:00 ] ERR: (ThinkException) 非法操作:js
[ 2014-12-30T20:25:27+08:00 ] ERR: (ThinkException) 非法操作:js
[ 2014-12-30T20:25:33+08:00 ] ERR: (ThinkException) 非法操作:js
[ 2014-12-30T20:25:33+08:00 ] ERR: (ThinkException) 非法操作:js
[ 2014-12-30T20:25:33+08:00 ] ERR: (ThinkException) 非法操作:js
[ 2014-12-30T20:25:33+08:00 ] ERR: (ThinkException) 非法操作:js
[ 2014-12-30T20:27:21+08:00 ] ERR: (ThinkException) 非法操作:js
[ 2014-12-30T20:27:21+08:00 ] ERR: (ThinkException) 非法操作:js
[ 2014-12-30T20:27:32+08:00 ] ERR: (ThinkException) Model:relation您所请求的方法不存在！
[ 2014-12-30T20:27:33+08:00 ] ERR: (ThinkException) 非法操作:js
[ 2014-12-30T20:27:34+08:00 ] ERR: (ThinkException) 非法操作:js
[ 2014-12-30T20:35:08+08:00 ] ERR: (ThinkException) 非法操作:js
[ 2014-12-30T20:35:08+08:00 ] ERR: (ThinkException) 非法操作:js
[ 2014-12-30T20:35:10+08:00 ] ERR: (ThinkException) 非法操作:js
[ 2014-12-30T20:35:10+08:00 ] ERR: (ThinkException) 非法操作:js
[ 2014-12-30T20:35:13+08:00 ] ERR: (ThinkException) 非法操作:js
[ 2014-12-30T20:35:13+08:00 ] ERR: (ThinkException) 非法操作:js
[ 2014-12-30T20:36:37+08:00 ] ERR: (ThinkException) 非法操作:js
[ 2014-12-30T20:36:37+08:00 ] ERR: (ThinkException) 非法操作:js
[ 2014-12-30T20:36:52+08:00 ] ERR: (ThinkException) Model:relation您所请求的方法不存在！
[ 2014-12-30T20:37:41+08:00 ] ERR: (ThinkException) Model:relation您所请求的方法不存在！
[ 2014-12-30T20:37:42+08:00 ] ERR: (ThinkException) Model:relation您所请求的方法不存在！
[ 2014-12-30T20:38:01+08:00 ] ERR: (ThinkException) Model:relation您所请求的方法不存在！
[ 2014-12-30T20:42:37+08:00 ] ERR: (ThinkException) Model:relation您所请求的方法不存在！
[ 2014-12-30T20:44:22+08:00 ] ERR: (ThinkException) Model:relation您所请求的方法不存在！
[ 2014-12-30T20:45:15+08:00 ] ERR: (ThinkException) 非法操作:js
[ 2014-12-30T20:45:15+08:00 ] ERR: (ThinkException) 非法操作:js
[ 2014-12-30T20:51:09+08:00 ] ERR: (ThinkException) 非法操作:js
[ 2014-12-30T20:51:09+08:00 ] ERR: (ThinkException) 非法操作:js
[ 2014-12-30T20:51:21+08:00 ] ERR: (ThinkException) 非法操作:js
[ 2014-12-30T20:51:21+08:00 ] ERR: (ThinkException) 非法操作:js
[ 2014-12-30T20:51:40+08:00 ] ERR: (ThinkException) 非法操作:js
[ 2014-12-30T20:51:40+08:00 ] ERR: (ThinkException) 非法操作:js
[ 2014-12-30T20:52:02+08:00 ] ERR: (ThinkException) 非法操作:js
[ 2014-12-30T20:52:02+08:00 ] ERR: (ThinkException) 非法操作:js
[ 2014-12-30T20:52:06+08:00 ] ERR: (ThinkException) 非法操作:js
[ 2014-12-30T20:52:06+08:00 ] ERR: (ThinkException) 非法操作:js
[ 2014-12-30T20:57:00+08:00 ] ERR: (ThinkException) 非法操作:js
[ 2014-12-30T20:57:00+08:00 ] ERR: (ThinkException) 非法操作:js
[ 2014-12-30T21:01:56+08:00 ] ERR: (ThinkException) 非法操作:js
[ 2014-12-30T21:01:56+08:00 ] ERR: (ThinkException) 非法操作:js
[ 2014-12-30T21:03:05+08:00 ] ERR: (ThinkException) 非法操作:js
[ 2014-12-30T21:03:05+08:00 ] ERR: (ThinkException) 非法操作:js
[ 2014-12-30T21:03:11+08:00 ] ERR: (ThinkException) 非法操作:js
[ 2014-12-30T21:03:11+08:00 ] ERR: (ThinkException) 非法操作:js
[ 2014-12-30T21:03:57+08:00 ] ERR: (ThinkException) 非法操作:js
[ 2014-12-30T21:03:57+08:00 ] ERR: (ThinkException) 非法操作:js
[ 2014-12-30T21:05:11+08:00 ] ERR: (ThinkException) 非法操作:js
[ 2014-12-30T21:05:11+08:00 ] ERR: (ThinkException) 非法操作:js
[ 2014-12-30T21:05:33+08:00 ] ERR: (ThinkException) 非法操作:js
[ 2014-12-30T21:05:33+08:00 ] ERR: (ThinkException) 非法操作:js
[ 2014-12-30T21:06:18+08:00 ] ERR: (ThinkException) 非法操作:js
[ 2014-12-30T21:06:18+08:00 ] ERR: (ThinkException) 非法操作:js
[ 2014-12-30T21:13:58+08:00 ] ERR: (ThinkException) 非法操作:js
[ 2014-12-30T21:13:58+08:00 ] ERR: (ThinkException) 非法操作:js
[ 2014-12-30T21:14:07+08:00 ] ERR: (ThinkException) 非法操作:js
[ 2014-12-30T21:14:07+08:00 ] ERR: (ThinkException) 非法操作:js
[ 2014-12-30T21:14:20+08:00 ] ERR: (ThinkException) 非法操作:js
[ 2014-12-30T21:14:20+08:00 ] ERR: (ThinkException) 非法操作:js
[ 2014-12-30T21:26:32+08:00 ] ERR: (ThinkException) 非法操作:js
[ 2014-12-30T21:26:32+08:00 ] ERR: (ThinkException) 非法操作:js
[ 2014-12-30T21:26:38+08:00 ] ERR: (ThinkException) 非法操作:js
[ 2014-12-30T21:26:38+08:00 ] ERR: (ThinkException) 非法操作:js
[ 2014-12-30T21:28:19+08:00 ] ERR: (ThinkException) 非法操作:js
[ 2014-12-30T21:28:19+08:00 ] ERR: (ThinkException) 非法操作:js
[ 2014-12-30T21:28:26+08:00 ] ERR: (ThinkException) 非法操作:js
[ 2014-12-30T21:28:26+08:00 ] ERR: (ThinkException) 非法操作:js
[ 2014-12-30T21:30:28+08:00 ] ERR: (ThinkException) 非法操作:js
[ 2014-12-30T21:30:28+08:00 ] ERR: (ThinkException) 非法操作:js
[ 2014-12-30T21:31:06+08:00 ] ERR: (ThinkException) 非法操作:js
[ 2014-12-30T21:31:06+08:00 ] ERR: (ThinkException) 非法操作:js
[ 2014-12-30T21:31:09+08:00 ] ERR: (ThinkException) 非法操作:js
[ 2014-12-30T21:31:09+08:00 ] ERR: (ThinkException) 非法操作:js
[ 2014-12-30T21:31:12+08:00 ] ERR: (ThinkException) 非法操作:js
[ 2014-12-30T21:31:12+08:00 ] ERR: (ThinkException) 非法操作:js
[ 2014-12-30T21:31:57+08:00 ] ERR: (ThinkException) 非法操作:js
[ 2014-12-30T21:31:57+08:00 ] ERR: (ThinkException) 非法操作:js
[ 2014-12-30T21:39:35+08:00 ] ERR: (ThinkException) 非法操作:js
[ 2014-12-30T21:39:35+08:00 ] ERR: (ThinkException) 非法操作:js
[ 2014-12-30T21:39:53+08:00 ] ERR: (ThinkException) 非法操作:js
[ 2014-12-30T21:39:53+08:00 ] ERR: (ThinkException) 非法操作:js
[ 2014-12-30T21:40:39+08:00 ] ERR: (ThinkException) 非法操作:js
[ 2014-12-30T21:40:39+08:00 ] ERR: (ThinkException) 非法操作:js
[ 2014-12-30T21:41:05+08:00 ] ERR: (ThinkException) 非法操作:js
[ 2014-12-30T21:41:05+08:00 ] ERR: (ThinkException) 非法操作:js
[ 2014-12-30T21:41:49+08:00 ] ERR: (ThinkException) 非法操作:js
[ 2014-12-30T21:41:49+08:00 ] ERR: (ThinkException) 非法操作:js
[ 2014-12-30T21:41:54+08:00 ] ERR: (ThinkException) 非法操作:js
[ 2014-12-30T21:41:54+08:00 ] ERR: (ThinkException) 非法操作:js
[ 2014-12-30T21:41:55+08:00 ] ERR: (ThinkException) 非法操作:js
[ 2014-12-30T21:41:55+08:00 ] ERR: (ThinkException) 非法操作:js
[ 2014-12-30T21:42:08+08:00 ] ERR: (ThinkException) 非法操作:js
[ 2014-12-30T21:42:08+08:00 ] ERR: (ThinkException) 非法操作:js
[ 2014-12-30T21:46:12+08:00 ] ERR: (ThinkException) 非法操作:js
[ 2014-12-30T21:46:12+08:00 ] ERR: (ThinkException) 非法操作:js
[ 2014-12-30T21:47:12+08:00 ] ERR: (ThinkException) 非法操作:js
[ 2014-12-30T21:47:12+08:00 ] ERR: (ThinkException) 非法操作:js
[ 2014-12-30T21:47:16+08:00 ] ERR: (ThinkException) 非法操作:js
[ 2014-12-30T21:47:16+08:00 ] ERR: (ThinkException) 非法操作:js
[ 2014-12-30T21:48:58+08:00 ] ERR: (ThinkException) 非法操作:js
[ 2014-12-30T21:48:58+08:00 ] ERR: (ThinkException) 非法操作:js
[ 2014-12-30T21:51:58+08:00 ] ERR: (ThinkException) 非法操作:js
[ 2014-12-30T21:51:58+08:00 ] ERR: (ThinkException) 非法操作:js
[ 2014-12-30T21:52:01+08:00 ] ERR: (ThinkException) 非法操作:js
[ 2014-12-30T21:52:01+08:00 ] ERR: (ThinkException) 非法操作:js
[ 2014-12-30T21:54:33+08:00 ] ERR: (ThinkException) 非法操作:js
[ 2014-12-30T21:54:33+08:00 ] ERR: (ThinkException) 非法操作:js
[ 2014-12-30T21:54:49+08:00 ] ERR: (ThinkException) 非法操作:js
[ 2014-12-30T21:54:49+08:00 ] ERR: (ThinkException) 非法操作:js
[ 2014-12-30T21:55:32+08:00 ] ERR: (ThinkException) 非法操作:js
[ 2014-12-30T21:55:32+08:00 ] ERR: (ThinkException) 非法操作:js
[ 2014-12-30T21:55:54+08:00 ] ERR: (ThinkException) 非法操作:js
[ 2014-12-30T21:55:54+08:00 ] ERR: (ThinkException) 非法操作:js
[ 2014-12-30T21:57:02+08:00 ] ERR: (ThinkException) 非法操作:js
[ 2014-12-30T21:57:02+08:00 ] ERR: (ThinkException) 非法操作:js
[ 2014-12-30T21:58:26+08:00 ] ERR: (ThinkException) 非法操作:js
[ 2014-12-30T21:58:26+08:00 ] ERR: (ThinkException) 非法操作:js
[ 2014-12-30T21:59:51+08:00 ] ERR: (ThinkException) 非法操作:js
[ 2014-12-30T21:59:51+08:00 ] ERR: (ThinkException) 非法操作:js
[ 2014-12-30T21:59:57+08:00 ] ERR: (ThinkException) 非法操作:js
[ 2014-12-30T21:59:57+08:00 ] ERR: (ThinkException) 非法操作:js
[ 2014-12-30T22:00:17+08:00 ] ERR: (ThinkException) 非法操作:js
[ 2014-12-30T22:00:17+08:00 ] ERR: (ThinkException) 非法操作:js
[ 2014-12-30T22:00:34+08:00 ] ERR: (ThinkException) 非法操作:js
[ 2014-12-30T22:00:34+08:00 ] ERR: (ThinkException) 非法操作:js
