[ 2015-02-06T17:56:53+08:00 ] ERR: (ThinkException) 非法操作:js
[ 2015-02-06T17:56:53+08:00 ] ERR: (ThinkException) 非法操作:js
[ 2015-02-06T17:57:03+08:00 ] 127.0.0.1 /lab2/default.php/Register/checkName?username=qqq
INFO: [ app_begin ] --START--
INFO: Run ReadHtmlCache Behavior [ RunTime:0.000721s ]
INFO: [ app_begin ] --END-- [ RunTime:0.000771s ]
SQL: SHOW COLUMNS FROM `lab_user` [ RunTime:0.003782s ]
SQL: SELECT COUNT(*) AS tp_count FROM `lab_user` WHERE ( `username` = 'qqq' ) LIMIT 1   [ RunTime:0.000288s ]

[ 2015-02-06T17:57:47+08:00 ] 127.0.0.1 /lab2/default.php/Register/checkName?username=1
INFO: [ app_begin ] --START--
INFO: Run ReadHtmlCache Behavior [ RunTime:0.000675s ]
INFO: [ app_begin ] --END-- [ RunTime:0.000720s ]
SQL: SHOW COLUMNS FROM `lab_user` [ RunTime:0.004230s ]
SQL: SELECT COUNT(*) AS tp_count FROM `lab_user` WHERE ( `username` = '1' ) LIMIT 1   [ RunTime:0.000303s ]

[ 2015-02-06T18:00:34+08:00 ] 127.0.0.1 /lab2/default.php/Register/checkName?username=1
INFO: [ app_begin ] --START--
INFO: Run ReadHtmlCache Behavior [ RunTime:0.001306s ]
INFO: [ app_begin ] --END-- [ RunTime:0.001407s ]
SQL: SHOW COLUMNS FROM `lab_user` [ RunTime:0.003865s ]
SQL: SELECT COUNT(*) AS tp_count FROM `lab_user` WHERE ( `username` = '1' ) LIMIT 1   [ RunTime:0.000293s ]

[ 2015-02-06T18:03:05+08:00 ] 127.0.0.1 /lab2/default.php/Register/checkName?username=2
INFO: [ app_begin ] --START--
INFO: Run ReadHtmlCache Behavior [ RunTime:0.000776s ]
INFO: [ app_begin ] --END-- [ RunTime:0.000856s ]
SQL: SHOW COLUMNS FROM `lab_user` [ RunTime:0.003752s ]
SQL: SELECT COUNT(*) AS tp_count FROM `lab_user` WHERE ( `username` = '2' ) LIMIT 1   [ RunTime:0.000286s ]

