[ 2015-02-10T10:43:45+08:00 ] 127.0.0.1 /lab/default.php/Register/checkName?username=1
INFO: [ app_begin ] --START--
INFO: Run ReadHtmlCache Behavior [ RunTime:0.004338s ]
INFO: [ app_begin ] --END-- [ RunTime:0.004686s ]
SQL: SHOW COLUMNS FROM `lab_user` [ RunTime:0.013411s ]
SQL: SELECT COUNT(*) AS tp_count FROM `lab_user` WHERE ( `username` = '1' ) LIMIT 1   [ RunTime:0.001245s ]

[ 2015-02-10T10:45:54+08:00 ] ERR: (ThinkException) 非法操作:js
[ 2015-02-10T10:45:54+08:00 ] ERR: (ThinkException) 非法操作:js
[ 2015-02-10T10:46:12+08:00 ] ERR: (ThinkException) 非法操作:js
[ 2015-02-10T10:46:12+08:00 ] ERR: (ThinkException) 非法操作:js
[ 2015-02-10T14:03:17+08:00 ] ERR: (ThinkException) 非法操作:js
[ 2015-02-10T14:03:17+08:00 ] ERR: (ThinkException) 非法操作:js
[ 2015-02-10T14:20:52+08:00 ] ERR: (ThinkException) 非法操作:js
[ 2015-02-10T14:20:52+08:00 ] ERR: (ThinkException) 非法操作:js
[ 2015-02-10T14:22:14+08:00 ] ERR: (ThinkException) 非法操作:js
[ 2015-02-10T14:22:14+08:00 ] ERR: (ThinkException) 非法操作:js
[ 2015-02-10T14:22:16+08:00 ] ERR: (ThinkException) 非法操作:js
[ 2015-02-10T14:22:16+08:00 ] ERR: (ThinkException) 非法操作:js
[ 2015-02-10T14:25:41+08:00 ] ERR: (ThinkException) 非法操作:js
[ 2015-02-10T14:25:41+08:00 ] ERR: (ThinkException) 非法操作:js
[ 2015-02-10T14:26:09+08:00 ] ERR: (ThinkException) 非法操作:__URL__
[ 2015-02-10T14:26:11+08:00 ] ERR: (ThinkException) 非法操作:__URL__
[ 2015-02-10T14:26:57+08:00 ] ERR: (ThinkException) 非法操作:js
[ 2015-02-10T14:26:57+08:00 ] ERR: (ThinkException) 非法操作:js
[ 2015-02-10T14:28:29+08:00 ] ERR: (ThinkException) 非法操作:js
[ 2015-02-10T14:28:29+08:00 ] ERR: (ThinkException) 非法操作:js
[ 2015-02-10T14:28:46+08:00 ] ERR: (ThinkException) 非法操作:js
[ 2015-02-10T14:28:47+08:00 ] ERR: (ThinkException) 非法操作:js
[ 2015-02-10T14:32:10+08:00 ] ERR: (ThinkException) 非法操作:js
[ 2015-02-10T14:32:10+08:00 ] ERR: (ThinkException) 非法操作:js
[ 2015-02-10T14:32:54+08:00 ] ERR: (ThinkException) 非法操作:js
[ 2015-02-10T14:32:54+08:00 ] ERR: (ThinkException) 非法操作:js
[ 2015-02-10T14:38:50+08:00 ] ERR: (ThinkException) 非法操作:js
[ 2015-02-10T14:38:50+08:00 ] ERR: (ThinkException) 非法操作:js
[ 2015-02-10T14:39:33+08:00 ] ERR: (ThinkException) 非法操作:js
[ 2015-02-10T14:39:33+08:00 ] ERR: (ThinkException) 非法操作:js
[ 2015-02-10T14:41:09+08:00 ] ERR: (ThinkException) 非法操作:js
[ 2015-02-10T14:41:09+08:00 ] ERR: (ThinkException) 非法操作:js
[ 2015-02-10T14:41:44+08:00 ] ERR: (ThinkException) 非法操作:js
[ 2015-02-10T14:41:44+08:00 ] ERR: (ThinkException) 非法操作:js
[ 2015-02-10T14:43:03+08:00 ] ERR: (ThinkException) 非法操作:js
[ 2015-02-10T14:43:03+08:00 ] ERR: (ThinkException) 非法操作:js
[ 2015-02-10T14:44:06+08:00 ] ERR: (ThinkException) 非法操作:js
[ 2015-02-10T14:44:06+08:00 ] ERR: (ThinkException) 非法操作:js
[ 2015-02-10T14:58:25+08:00 ] ERR: (ThinkException) 非法操作:js
[ 2015-02-10T14:58:25+08:00 ] ERR: (ThinkException) 非法操作:js
[ 2015-02-10T14:59:12+08:00 ] ERR: (ThinkException) 非法操作:js
[ 2015-02-10T14:59:12+08:00 ] ERR: (ThinkException) 非法操作:js
[ 2015-02-10T15:32:44+08:00 ] ERR: (ThinkException) XML标签语法错误 : width='60' height='25'style="background-color:#fff;" 
[ 2015-02-10T16:02:55+08:00 ] ERR: (ThinkException) 非法操作:js
[ 2015-02-10T16:02:56+08:00 ] ERR: (ThinkException) 非法操作:js
[ 2015-02-10T16:04:37+08:00 ] ERR: (ThinkException) 非法操作:js
[ 2015-02-10T16:04:37+08:00 ] ERR: (ThinkException) 非法操作:js
[ 2015-02-10T16:57:44+08:00 ] ERR: (ThinkException) 非法操作:js
[ 2015-02-10T16:57:44+08:00 ] ERR: (ThinkException) 非法操作:js
[ 2015-02-10T18:59:06+08:00 ] 127.0.0.1 /lab/default.php/Register/checkName?username=1
INFO: [ app_begin ] --START--
INFO: Run ReadHtmlCache Behavior [ RunTime:0.001199s ]
INFO: [ app_begin ] --END-- [ RunTime:0.001460s ]
SQL: SHOW COLUMNS FROM `lab_user` [ RunTime:0.049788s ]
SQL: SELECT COUNT(*) AS tp_count FROM `lab_user` WHERE ( `username` = '1' ) LIMIT 1   [ RunTime:0.001817s ]

[ 2015-02-10T18:59:08+08:00 ] 127.0.0.1 /lab/default.php/Register/checkName?username=12
INFO: [ app_begin ] --START--
INFO: Run ReadHtmlCache Behavior [ RunTime:0.001336s ]
INFO: [ app_begin ] --END-- [ RunTime:0.001506s ]
SQL: SHOW COLUMNS FROM `lab_user` [ RunTime:0.007018s ]
SQL: SELECT COUNT(*) AS tp_count FROM `lab_user` WHERE ( `username` = '12' ) LIMIT 1   [ RunTime:0.001356s ]

[ 2015-02-10T21:24:00+08:00 ] ERR: (ThinkException) 非法操作:js
[ 2015-02-10T21:24:00+08:00 ] ERR: (ThinkException) 非法操作:js
