[ 2015-02-09T00:41:38+08:00 ] 127.0.0.1 /lab/default.php/Register/checkName?username=1
INFO: [ app_begin ] --START--
INFO: Run ReadHtmlCache Behavior [ RunTime:0.002324s ]
INFO: [ app_begin ] --END-- [ RunTime:0.002657s ]
SQL: SHOW COLUMNS FROM `lab_user` [ RunTime:0.020913s ]
SQL: SELECT COUNT(*) AS tp_count FROM `lab_user` WHERE ( `username` = '1' ) LIMIT 1   [ RunTime:0.002181s ]

[ 2015-02-09T00:41:42+08:00 ] 127.0.0.1 /lab/default.php/Register/checkName?username=12
INFO: [ app_begin ] --START--
INFO: Run ReadHtmlCache Behavior [ RunTime:0.002503s ]
INFO: [ app_begin ] --END-- [ RunTime:0.003296s ]
SQL: SHOW COLUMNS FROM `lab_user` [ RunTime:0.015673s ]
SQL: SELECT COUNT(*) AS tp_count FROM `lab_user` WHERE ( `username` = '12' ) LIMIT 1   [ RunTime:0.027702s ]

[ 2015-02-09T00:43:05+08:00 ] 127.0.0.1 /lab/default.php/Register/checkName?username=12
INFO: [ app_begin ] --START--
INFO: Run ReadHtmlCache Behavior [ RunTime:0.002550s ]
INFO: [ app_begin ] --END-- [ RunTime:0.002954s ]
SQL: SHOW COLUMNS FROM `lab_user` [ RunTime:0.026419s ]
SQL: SELECT COUNT(*) AS tp_count FROM `lab_user` WHERE ( `username` = '12' ) LIMIT 1   [ RunTime:0.001630s ]

[ 2015-02-09T00:43:16+08:00 ] 127.0.0.1 /lab/default.php/Register/checkName?username=q
INFO: [ app_begin ] --START--
INFO: Run ReadHtmlCache Behavior [ RunTime:0.003271s ]
INFO: [ app_begin ] --END-- [ RunTime:0.003631s ]
SQL: SHOW COLUMNS FROM `lab_user` [ RunTime:0.017316s ]
SQL: SELECT COUNT(*) AS tp_count FROM `lab_user` WHERE ( `username` = 'q' ) LIMIT 1   [ RunTime:0.001329s ]

[ 2015-02-09T00:45:04+08:00 ] ERR: (ThinkException) 非法操作:js
[ 2015-02-09T00:45:05+08:00 ] ERR: (ThinkException) 非法操作:js
[ 2015-02-09T00:45:59+08:00 ] ERR: (ThinkException) 非法操作:js
[ 2015-02-09T00:45:59+08:00 ] ERR: (ThinkException) 非法操作:js
[ 2015-02-09T11:07:02+08:00 ] ERR: (ThinkException) 非法操作:js
[ 2015-02-09T11:07:03+08:00 ] ERR: (ThinkException) 非法操作:js
[ 2015-02-09T11:09:01+08:00 ] ERR: (ThinkException) 非法操作:js
[ 2015-02-09T11:09:01+08:00 ] ERR: (ThinkException) 非法操作:js
