<<<<<<< HEAD
[ 2015-02-07T11:36:27+08:00 ] 127.0.0.1 /lab2/default.php/Register/checkName?username=1
INFO: [ app_begin ] --START--
INFO: Run ReadHtmlCache Behavior [ RunTime:0.000579s ]
INFO: [ app_begin ] --END-- [ RunTime:0.000638s ]
SQL: SHOW COLUMNS FROM `lab_user` [ RunTime:0.005801s ]
SQL: SELECT COUNT(*) AS tp_count FROM `lab_user` WHERE ( `username` = '1' ) LIMIT 1   [ RunTime:0.000315s ]

[ 2015-02-07T11:36:30+08:00 ] 127.0.0.1 /lab2/default.php/Register/checkName?username=2
INFO: [ app_begin ] --START--
INFO: Run ReadHtmlCache Behavior [ RunTime:0.000854s ]
INFO: [ app_begin ] --END-- [ RunTime:0.000934s ]
SQL: SHOW COLUMNS FROM `lab_user` [ RunTime:0.005047s ]
SQL: SELECT COUNT(*) AS tp_count FROM `lab_user` WHERE ( `username` = '2' ) LIMIT 1   [ RunTime:0.000271s ]

=======
[ 2015-02-07T00:45:28+08:00 ] ERR: (ThinkException) 无法加载模块:html
[ 2015-02-07T00:45:28+08:00 ] ERR: (ThinkException) 无法加载模块:html
[ 2015-02-07T00:45:29+08:00 ] ERR: (ThinkException) 无法加载模块:html
[ 2015-02-07T00:45:31+08:00 ] ERR: (ThinkException) 无法加载模块:html
>>>>>>> f705a40802e1c078beb840a5f6bf86551b27fcd3
[ 2015-02-07T17:27:33+08:00 ] ERR: (ThinkException) 无法加载模块:js
[ 2015-02-07T17:27:33+08:00 ] ERR: (ThinkException) 无法加载模块:js
[ 2015-02-07T17:28:35+08:00 ] 127.0.0.1 /lab/default.php/Register/checkName?username=12
INFO: [ app_begin ] --START--
INFO: Run ReadHtmlCache Behavior [ RunTime:0.002606s ]
INFO: [ app_begin ] --END-- [ RunTime:0.002954s ]
SQL: SHOW COLUMNS FROM `lab_user` [ RunTime:0.028905s ]
SQL: SELECT COUNT(*) AS tp_count FROM `lab_user` WHERE ( `username` = '12' ) LIMIT 1   [ RunTime:0.001992s ]

[ 2015-02-07T17:28:40+08:00 ] 127.0.0.1 /lab/default.php/Register/checkName?username=1
INFO: [ app_begin ] --START--
INFO: Run ReadHtmlCache Behavior [ RunTime:0.004132s ]
INFO: [ app_begin ] --END-- [ RunTime:0.004765s ]
SQL: SHOW COLUMNS FROM `lab_user` [ RunTime:0.016807s ]
SQL: SELECT COUNT(*) AS tp_count FROM `lab_user` WHERE ( `username` = '1' ) LIMIT 1   [ RunTime:0.002128s ]

[ 2015-02-07T17:29:01+08:00 ] ERR: (ThinkException) 非法操作:js
[ 2015-02-07T17:29:01+08:00 ] ERR: (ThinkException) 非法操作:js
[ 2015-02-07T17:32:57+08:00 ] ERR: (ThinkException) 非法操作:js
[ 2015-02-07T17:32:58+08:00 ] ERR: (ThinkException) 非法操作:js
[ 2015-02-07T17:33:17+08:00 ] ERR: (ThinkException) 非法操作:js
[ 2015-02-07T17:33:17+08:00 ] ERR: (ThinkException) 非法操作:js
[ 2015-02-07T17:33:54+08:00 ] ERR: (ThinkException) 无法加载模块:js
[ 2015-02-07T17:33:54+08:00 ] ERR: (ThinkException) 无法加载模块:js
[ 2015-02-07T17:38:47+08:00 ] ERR: (ThinkException) 非法操作:js
[ 2015-02-07T17:38:47+08:00 ] ERR: (ThinkException) 非法操作:js
[ 2015-02-07T19:32:10+08:00 ] ERR: (ThinkException) 非法操作:js
[ 2015-02-07T19:32:10+08:00 ] ERR: (ThinkException) 非法操作:js
[ 2015-02-07T20:28:57+08:00 ] ERR: (ThinkException) 非法操作:js
[ 2015-02-07T20:28:57+08:00 ] ERR: (ThinkException) 非法操作:js
[ 2015-02-07T22:01:28+08:00 ] ERR: (ThinkException) 非法操作:js
[ 2015-02-07T22:01:29+08:00 ] ERR: (ThinkException) 非法操作:js
[ 2015-02-07T23:49:19+08:00 ] ERR: (ThinkException) 非法操作:js
[ 2015-02-07T23:49:19+08:00 ] ERR: (ThinkException) 非法操作:js
