[ 2015-01-04T16:58:41+08:00 ] 127.0.0.1 /lab/
INFO: [ app_begin ] --START--
INFO: Run ReadHtmlCache Behavior [ RunTime:0.000986s ]
INFO: [ app_begin ] --END-- [ RunTime:0.001102s ]
INFO: [ view_template ] --START--
INFO: Run LocationTemplate Behavior [ RunTime:0.000932s ]
INFO: [ view_template ] --END-- [ RunTime:0.001054s ]
INFO: [ view_parse ] --START--
NOTIC: [8] Undefined variable: _这里是传的日期 C:\wamp\www\lab\Index\Runtime\Cache\f9c22b8b40e560036663a0ce7ed378ae.php 第 145 行.
NOTIC: [8] Undefined variable: _这里是传的年月 C:\wamp\www\lab\Index\Runtime\Cache\f9c22b8b40e560036663a0ce7ed378ae.php 第 146 行.
NOTIC: [8] Undefined variable: _这里是传的日期 C:\wamp\www\lab\Index\Runtime\Cache\f9c22b8b40e560036663a0ce7ed378ae.php 第 157 行.
NOTIC: [8] Undefined variable: _这里是传的年月 C:\wamp\www\lab\Index\Runtime\Cache\f9c22b8b40e560036663a0ce7ed378ae.php 第 158 行.
NOTIC: [8] Undefined variable: _这里是传的日期 C:\wamp\www\lab\Index\Runtime\Cache\f9c22b8b40e560036663a0ce7ed378ae.php 第 168 行.
NOTIC: [8] Undefined variable: _这里是传的年月 C:\wamp\www\lab\Index\Runtime\Cache\f9c22b8b40e560036663a0ce7ed378ae.php 第 169 行.
INFO: Run ParseTemplate Behavior [ RunTime:0.032470s ]
INFO: [ view_parse ] --END-- [ RunTime:0.032558s ]
INFO: [ view_filter ] --START--
INFO: Run ContentReplace Behavior [ RunTime:0.000907s ]
INFO: Run TokenBuild Behavior [ RunTime:0.000771s ]
INFO: Run WriteHtmlCache Behavior [ RunTime:0.000635s ]
INFO: Run ShowRuntime Behavior [ RunTime:0.000917s ]
INFO: [ view_filter ] --END-- [ RunTime:0.003431s ]
INFO: [ view_end ] --START--
INFO: Run ShowPageTrace Behavior [ RunTime:0.001016s ]
INFO: [ view_end ] --END-- [ RunTime:0.001084s ]

[ 2015-01-04T21:20:42+08:00 ] ERR: (ThinkException) 无法加载模块:images
[ 2015-01-04T21:21:14+08:00 ] ERR: (ThinkException) 无法加载模块:images
[ 2015-01-04T21:21:22+08:00 ] ERR: (ThinkException) 无法加载模块:images
[ 2015-01-04T21:22:01+08:00 ] ERR: (ThinkException) 无法加载模块:images
[ 2015-01-04T21:22:07+08:00 ] ERR: (ThinkException) 无法加载模块:images
[ 2015-01-04T21:22:41+08:00 ] ERR: (ThinkException) 无法加载模块:images
[ 2015-01-04T21:22:44+08:00 ] ERR: (ThinkException) 无法加载模块:images
[ 2015-01-04T21:26:31+08:00 ] ERR: (ThinkException) 无法加载模块:images
[ 2015-01-04T21:26:34+08:00 ] ERR: (ThinkException) 无法加载模块:images
[ 2015-01-04T21:26:54+08:00 ] ERR: (ThinkException) 无法加载模块:images
[ 2015-01-04T21:59:39+08:00 ] ERR: (ThinkException) 无法加载模块:images
