[ 2015-01-30T18:57:06+08:00 ] 127.0.0.1 /lab/index.php/Index/index
INFO: [ route_check ] --START--
INFO: Run CheckRoute Behavior [ RunTime:0.000727s ]
INFO: [ route_check ] --END-- [ RunTime:0.000788s ]
INFO: [ app_begin ] --START--
INFO: Run ReadHtmlCache Behavior [ RunTime:0.000478s ]
INFO: [ app_begin ] --END-- [ RunTime:0.000525s ]
SQL: SHOW COLUMNS FROM `lab_banner` [ RunTime:0.013581s ]
SQL: SELECT * FROM `lab_banner` ORDER BY id desc  [ RunTime:0.000233s ]
SQL: SHOW COLUMNS FROM `lab_article` [ RunTime:0.012732s ]
SQL: SELECT * FROM `lab_article` WHERE ( `parentid` = 1 ) AND ( `isshow` = 1 ) ORDER BY id desc  [ RunTime:0.000367s ]
NOTIC: [8] Undefined offset: 2 C:\wamp\www\lab\Index\Lib\Action\IndexAction.class.php 第 15 行.
SQL: SELECT * FROM `lab_article` WHERE ( `parentid` = 2 ) AND ( `isshow` = 1 ) ORDER BY id desc  [ RunTime:0.000271s ]
NOTIC: [8] Undefined offset: 3 C:\wamp\www\lab\Index\Lib\Action\IndexAction.class.php 第 48 行.
NOTIC: [8] Use of undefined constant 暂无新闻 - assumed '暂无新闻' C:\wamp\www\lab\Index\Lib\Action\IndexAction.class.php 第 49 行.
NOTIC: [8] Use of undefined constant 新闻内容也是空 - assumed '新闻内容也是空' C:\wamp\www\lab\Index\Lib\Action\IndexAction.class.php 第 50 行.
NOTIC: [8] Undefined offset: 4 C:\wamp\www\lab\Index\Lib\Action\IndexAction.class.php 第 48 行.
NOTIC: [8] Use of undefined constant 暂无新闻 - assumed '暂无新闻' C:\wamp\www\lab\Index\Lib\Action\IndexAction.class.php 第 49 行.
NOTIC: [8] Use of undefined constant 新闻内容也是空 - assumed '新闻内容也是空' C:\wamp\www\lab\Index\Lib\Action\IndexAction.class.php 第 50 行.
NOTIC: [8] Undefined offset: 5 C:\wamp\www\lab\Index\Lib\Action\IndexAction.class.php 第 48 行.
NOTIC: [8] Use of undefined constant 暂无新闻 - assumed '暂无新闻' C:\wamp\www\lab\Index\Lib\Action\IndexAction.class.php 第 49 行.
NOTIC: [8] Use of undefined constant 新闻内容也是空 - assumed '新闻内容也是空' C:\wamp\www\lab\Index\Lib\Action\IndexAction.class.php 第 50 行.
SQL: SELECT * FROM `lab_article` WHERE ( `parentid` = 3 ) AND ( `isshow` = 1 ) ORDER BY id desc  [ RunTime:0.000270s ]
INFO: [ view_template ] --START--
INFO: Run LocationTemplate Behavior [ RunTime:0.001009s ]
INFO: [ view_template ] --END-- [ RunTime:0.001064s ]
INFO: [ view_parse ] --START--
INFO: Run ParseTemplate Behavior [ RunTime:0.035980s ]
INFO: [ view_parse ] --END-- [ RunTime:0.036057s ]
INFO: [ view_filter ] --START--
INFO: Run ContentReplace Behavior [ RunTime:0.000473s ]
INFO: Run TokenBuild Behavior [ RunTime:0.000397s ]
INFO: Run WriteHtmlCache Behavior [ RunTime:0.000299s ]
INFO: Run ShowRuntime Behavior [ RunTime:0.000422s ]
INFO: [ view_filter ] --END-- [ RunTime:0.001710s ]
INFO: [ view_end ] --START--
INFO: Run ShowPageTrace Behavior [ RunTime:0.000507s ]
INFO: [ view_end ] --END-- [ RunTime:0.000541s ]

[ 2015-01-30T18:57:25+08:00 ] 127.0.0.1 /lab/index.php/Index/index
INFO: [ route_check ] --START--
INFO: Run CheckRoute Behavior [ RunTime:0.000840s ]
INFO: [ route_check ] --END-- [ RunTime:0.000923s ]
INFO: [ app_begin ] --START--
INFO: Run ReadHtmlCache Behavior [ RunTime:0.000544s ]
INFO: [ app_begin ] --END-- [ RunTime:0.000597s ]
SQL: SHOW COLUMNS FROM `lab_banner` [ RunTime:0.006221s ]
SQL: SELECT * FROM `lab_banner` ORDER BY id desc  [ RunTime:0.000191s ]
SQL: SHOW COLUMNS FROM `lab_article` [ RunTime:0.005103s ]
SQL: SELECT * FROM `lab_article` WHERE ( `parentid` = 1 ) AND ( `isshow` = 1 ) ORDER BY id desc  [ RunTime:0.000256s ]
NOTIC: [8] Undefined offset: 2 C:\wamp\www\lab\Index\Lib\Action\IndexAction.class.php 第 15 行.
SQL: SELECT * FROM `lab_article` WHERE ( `parentid` = 2 ) AND ( `isshow` = 1 ) ORDER BY id desc  [ RunTime:0.000263s ]
NOTIC: [8] Undefined offset: 3 C:\wamp\www\lab\Index\Lib\Action\IndexAction.class.php 第 48 行.
NOTIC: [8] Use of undefined constant 暂无新闻 - assumed '暂无新闻' C:\wamp\www\lab\Index\Lib\Action\IndexAction.class.php 第 49 行.
NOTIC: [8] Use of undefined constant 新闻内容也是空 - assumed '新闻内容也是空' C:\wamp\www\lab\Index\Lib\Action\IndexAction.class.php 第 50 行.
NOTIC: [8] Undefined offset: 4 C:\wamp\www\lab\Index\Lib\Action\IndexAction.class.php 第 48 行.
NOTIC: [8] Use of undefined constant 暂无新闻 - assumed '暂无新闻' C:\wamp\www\lab\Index\Lib\Action\IndexAction.class.php 第 49 行.
NOTIC: [8] Use of undefined constant 新闻内容也是空 - assumed '新闻内容也是空' C:\wamp\www\lab\Index\Lib\Action\IndexAction.class.php 第 50 行.
NOTIC: [8] Undefined offset: 5 C:\wamp\www\lab\Index\Lib\Action\IndexAction.class.php 第 48 行.
NOTIC: [8] Use of undefined constant 暂无新闻 - assumed '暂无新闻' C:\wamp\www\lab\Index\Lib\Action\IndexAction.class.php 第 49 行.
NOTIC: [8] Use of undefined constant 新闻内容也是空 - assumed '新闻内容也是空' C:\wamp\www\lab\Index\Lib\Action\IndexAction.class.php 第 50 行.
SQL: SELECT * FROM `lab_article` WHERE ( `parentid` = 3 ) AND ( `isshow` = 1 ) ORDER BY id desc  [ RunTime:0.000251s ]
INFO: [ view_template ] --START--
INFO: Run LocationTemplate Behavior [ RunTime:0.000546s ]
INFO: [ view_template ] --END-- [ RunTime:0.000588s ]
INFO: [ view_parse ] --START--
INFO: Run ParseTemplate Behavior [ RunTime:0.022841s ]
INFO: [ view_parse ] --END-- [ RunTime:0.022909s ]
INFO: [ view_filter ] --START--
INFO: Run ContentReplace Behavior [ RunTime:0.000458s ]
INFO: Run TokenBuild Behavior [ RunTime:0.000339s ]
INFO: Run WriteHtmlCache Behavior [ RunTime:0.000259s ]
INFO: Run ShowRuntime Behavior [ RunTime:0.000364s ]
INFO: [ view_filter ] --END-- [ RunTime:0.001529s ]
INFO: [ view_end ] --START--
INFO: Run ShowPageTrace Behavior [ RunTime:0.000438s ]
INFO: [ view_end ] --END-- [ RunTime:0.000470s ]

