[ 2015-01-01T15:03:42+08:00 ] ERR: (ThinkException) 无法加载模块:Register
[ 2015-01-01T15:21:42+08:00 ] 127.0.0.1 /lab/
INFO: [ app_begin ] --START--
INFO: Run ReadHtmlCache Behavior [ RunTime:0.003455s ]
INFO: [ app_begin ] --END-- [ RunTime:0.003827s ]
INFO: [ view_template ] --START--
INFO: Run LocationTemplate Behavior [ RunTime:0.004347s ]
INFO: [ view_template ] --END-- [ RunTime:0.004668s ]
INFO: [ view_parse ] --START--
INFO: Run ParseTemplate Behavior [ RunTime:0.119012s ]
INFO: [ view_parse ] --END-- [ RunTime:0.119341s ]
INFO: [ view_filter ] --START--
INFO: Run ContentReplace Behavior [ RunTime:0.004626s ]
INFO: Run TokenBuild Behavior [ RunTime:0.003738s ]
INFO: Run WriteHtmlCache Behavior [ RunTime:0.002257s ]
INFO: Run ShowRuntime Behavior [ RunTime:0.004141s ]
INFO: [ view_filter ] --END-- [ RunTime:0.015669s ]
INFO: [ view_end ] --START--
INFO: Run ShowPageTrace Behavior [ RunTime:0.004572s ]
INFO: [ view_end ] --END-- [ RunTime:0.004903s ]

[ 2015-01-01T15:21:48+08:00 ] 127.0.0.1 /lab/
INFO: [ app_begin ] --START--
INFO: Run ReadHtmlCache Behavior [ RunTime:0.002004s ]
INFO: [ app_begin ] --END-- [ RunTime:0.002222s ]
INFO: [ view_template ] --START--
INFO: Run LocationTemplate Behavior [ RunTime:0.003417s ]
INFO: [ view_template ] --END-- [ RunTime:0.003654s ]
INFO: [ view_parse ] --START--
INFO: Run ParseTemplate Behavior [ RunTime:0.028912s ]
INFO: [ view_parse ] --END-- [ RunTime:0.029054s ]
INFO: [ view_filter ] --START--
INFO: Run ContentReplace Behavior [ RunTime:0.000910s ]
INFO: Run TokenBuild Behavior [ RunTime:0.000774s ]
INFO: Run WriteHtmlCache Behavior [ RunTime:0.000649s ]
INFO: Run ShowRuntime Behavior [ RunTime:0.000856s ]
INFO: [ view_filter ] --END-- [ RunTime:0.003409s ]
INFO: [ view_end ] --START--
INFO: Run ShowPageTrace Behavior [ RunTime:0.001177s ]
INFO: [ view_end ] --END-- [ RunTime:0.001249s ]

[ 2015-01-01T15:27:51+08:00 ] ERR: (ThinkException) 无法加载模块:Register
[ 2015-01-01T15:27:57+08:00 ] 127.0.0.1 /lab/index.php
INFO: [ app_begin ] --START--
INFO: Run ReadHtmlCache Behavior [ RunTime:0.001435s ]
INFO: [ app_begin ] --END-- [ RunTime:0.001536s ]
INFO: [ view_template ] --START--
INFO: Run LocationTemplate Behavior [ RunTime:0.001053s ]
INFO: [ view_template ] --END-- [ RunTime:0.001126s ]
INFO: [ view_parse ] --START--
INFO: Run ParseTemplate Behavior [ RunTime:0.018612s ]
INFO: [ view_parse ] --END-- [ RunTime:0.018695s ]
INFO: [ view_filter ] --START--
INFO: Run ContentReplace Behavior [ RunTime:0.000782s ]
INFO: Run TokenBuild Behavior [ RunTime:0.000668s ]
INFO: Run WriteHtmlCache Behavior [ RunTime:0.000590s ]
INFO: Run ShowRuntime Behavior [ RunTime:0.000772s ]
INFO: [ view_filter ] --END-- [ RunTime:0.002983s ]
INFO: [ view_end ] --START--
INFO: Run ShowPageTrace Behavior [ RunTime:0.001211s ]
INFO: [ view_end ] --END-- [ RunTime:0.001273s ]

[ 2015-01-01T15:28:05+08:00 ] ERR: (ThinkException) 无法加载模块:Register
[ 2015-01-01T16:32:33+08:00 ] ERR: (ThinkException) 无法加载模块:Register
[ 2015-01-01T16:32:37+08:00 ] 127.0.0.1 /lab/index.php/
INFO: [ route_check ] --START--
INFO: Run CheckRoute Behavior [ RunTime:0.001035s ]
INFO: [ route_check ] --END-- [ RunTime:0.001152s ]
INFO: [ app_begin ] --START--
INFO: Run ReadHtmlCache Behavior [ RunTime:0.000536s ]
INFO: [ app_begin ] --END-- [ RunTime:0.000637s ]
INFO: [ view_template ] --START--
INFO: Run LocationTemplate Behavior [ RunTime:0.000741s ]
INFO: [ view_template ] --END-- [ RunTime:0.000811s ]
INFO: [ view_parse ] --START--
INFO: Run ParseTemplate Behavior [ RunTime:0.016693s ]
INFO: [ view_parse ] --END-- [ RunTime:0.016801s ]
INFO: [ view_filter ] --START--
INFO: Run ContentReplace Behavior [ RunTime:0.000441s ]
INFO: Run TokenBuild Behavior [ RunTime:0.000339s ]
INFO: Run WriteHtmlCache Behavior [ RunTime:0.000766s ]
INFO: Run ShowRuntime Behavior [ RunTime:0.000423s ]
INFO: [ view_filter ] --END-- [ RunTime:0.002136s ]
INFO: [ view_end ] --START--
INFO: Run ShowPageTrace Behavior [ RunTime:0.001057s ]
INFO: [ view_end ] --END-- [ RunTime:0.001121s ]

[ 2015-01-01T16:33:50+08:00 ] 127.0.0.1 /lab/index.php
INFO: [ app_begin ] --START--
INFO: Run ReadHtmlCache Behavior [ RunTime:0.000577s ]
INFO: [ app_begin ] --END-- [ RunTime:0.000662s ]
INFO: [ view_template ] --START--
INFO: Run LocationTemplate Behavior [ RunTime:0.000365s ]
INFO: [ view_template ] --END-- [ RunTime:0.000431s ]
INFO: [ view_parse ] --START--
INFO: Run ParseTemplate Behavior [ RunTime:0.016038s ]
INFO: [ view_parse ] --END-- [ RunTime:0.016120s ]
INFO: [ view_filter ] --START--
INFO: Run ContentReplace Behavior [ RunTime:0.000437s ]
INFO: Run TokenBuild Behavior [ RunTime:0.000341s ]
INFO: Run WriteHtmlCache Behavior [ RunTime:0.000780s ]
INFO: Run ShowRuntime Behavior [ RunTime:0.000424s ]
INFO: [ view_filter ] --END-- [ RunTime:0.002148s ]
INFO: [ view_end ] --START--
INFO: Run ShowPageTrace Behavior [ RunTime:0.001058s ]
INFO: [ view_end ] --END-- [ RunTime:0.001136s ]

[ 2015-01-01T16:46:24+08:00 ] 127.0.0.1 /lab/index.php/
INFO: [ route_check ] --START--
INFO: Run CheckRoute Behavior [ RunTime:0.001730s ]
INFO: [ route_check ] --END-- [ RunTime:0.001914s ]
INFO: [ app_begin ] --START--
INFO: Run ReadHtmlCache Behavior [ RunTime:0.001097s ]
INFO: [ app_begin ] --END-- [ RunTime:0.001239s ]
INFO: [ view_template ] --START--
INFO: Run LocationTemplate Behavior [ RunTime:0.001869s ]
INFO: [ view_template ] --END-- [ RunTime:0.002027s ]
INFO: [ view_parse ] --START--
INFO: Run ParseTemplate Behavior [ RunTime:0.039707s ]
INFO: [ view_parse ] --END-- [ RunTime:0.039881s ]
INFO: [ view_filter ] --START--
INFO: Run ContentReplace Behavior [ RunTime:0.001042s ]
INFO: Run TokenBuild Behavior [ RunTime:0.000874s ]
INFO: Run WriteHtmlCache Behavior [ RunTime:0.002334s ]
INFO: Run ShowRuntime Behavior [ RunTime:0.000995s ]
INFO: [ view_filter ] --END-- [ RunTime:0.005726s ]
INFO: [ view_end ] --START--
INFO: Run ShowPageTrace Behavior [ RunTime:0.002653s ]
INFO: [ view_end ] --END-- [ RunTime:0.002868s ]

[ 2015-01-01T17:12:22+08:00 ] 127.0.0.1 /lab/index.php
INFO: [ app_begin ] --START--
INFO: Run ReadHtmlCache Behavior [ RunTime:0.000877s ]
INFO: [ app_begin ] --END-- [ RunTime:0.000966s ]
INFO: [ view_template ] --START--
INFO: Run LocationTemplate Behavior [ RunTime:0.001593s ]
INFO: [ view_template ] --END-- [ RunTime:0.001678s ]
INFO: [ view_parse ] --START--
INFO: Run ParseTemplate Behavior [ RunTime:0.020510s ]
INFO: [ view_parse ] --END-- [ RunTime:0.020600s ]
INFO: [ view_filter ] --START--
INFO: Run ContentReplace Behavior [ RunTime:0.001075s ]
INFO: Run TokenBuild Behavior [ RunTime:0.001103s ]
INFO: Run WriteHtmlCache Behavior [ RunTime:0.001154s ]
INFO: Run ShowRuntime Behavior [ RunTime:0.001295s ]
INFO: [ view_filter ] --END-- [ RunTime:0.004836s ]
INFO: [ view_end ] --START--
INFO: Run ShowPageTrace Behavior [ RunTime:0.001247s ]
INFO: [ view_end ] --END-- [ RunTime:0.001310s ]

[ 2015-01-01T17:18:28+08:00 ] 127.0.0.1 /lab/
INFO: [ app_begin ] --START--
INFO: Run ReadHtmlCache Behavior [ RunTime:0.003310s ]
INFO: [ app_begin ] --END-- [ RunTime:0.003586s ]
INFO: [ view_template ] --START--
INFO: Run LocationTemplate Behavior [ RunTime:0.005469s ]
INFO: [ view_template ] --END-- [ RunTime:0.005757s ]
INFO: [ view_parse ] --START--
NOTIC: [8] Undefined variable: _这里是传的日期 C:\AppServ\www\lab\Index\Runtime\Cache\f9c22b8b40e560036663a0ce7ed378ae.php 第 145 行.
NOTIC: [8] Undefined variable: _这里是传的年月 C:\AppServ\www\lab\Index\Runtime\Cache\f9c22b8b40e560036663a0ce7ed378ae.php 第 146 行.
NOTIC: [8] Undefined variable: _这里是传的日期 C:\AppServ\www\lab\Index\Runtime\Cache\f9c22b8b40e560036663a0ce7ed378ae.php 第 157 行.
NOTIC: [8] Undefined variable: _这里是传的年月 C:\AppServ\www\lab\Index\Runtime\Cache\f9c22b8b40e560036663a0ce7ed378ae.php 第 158 行.
NOTIC: [8] Undefined variable: _这里是传的日期 C:\AppServ\www\lab\Index\Runtime\Cache\f9c22b8b40e560036663a0ce7ed378ae.php 第 168 行.
NOTIC: [8] Undefined variable: _这里是传的年月 C:\AppServ\www\lab\Index\Runtime\Cache\f9c22b8b40e560036663a0ce7ed378ae.php 第 169 行.
INFO: Run ParseTemplate Behavior [ RunTime:0.062038s ]
INFO: [ view_parse ] --END-- [ RunTime:0.062228s ]
INFO: [ view_filter ] --START--
INFO: Run ContentReplace Behavior [ RunTime:0.002359s ]
INFO: Run TokenBuild Behavior [ RunTime:0.002146s ]
INFO: Run WriteHtmlCache Behavior [ RunTime:0.001890s ]
INFO: Run ShowRuntime Behavior [ RunTime:0.002368s ]
INFO: [ view_filter ] --END-- [ RunTime:0.009140s ]
INFO: [ view_end ] --START--
INFO: Run ShowPageTrace Behavior [ RunTime:0.002598s ]
INFO: [ view_end ] --END-- [ RunTime:0.002728s ]

[ 2015-01-01T17:19:24+08:00 ] 127.0.0.1 /lab/
INFO: [ app_begin ] --START--
INFO: Run ReadHtmlCache Behavior [ RunTime:0.003273s ]
INFO: [ app_begin ] --END-- [ RunTime:0.003691s ]
INFO: [ view_template ] --START--
INFO: Run LocationTemplate Behavior [ RunTime:0.005013s ]
INFO: [ view_template ] --END-- [ RunTime:0.005298s ]
INFO: [ view_parse ] --START--
NOTIC: [8] Undefined variable: _这里是传的日期 C:\AppServ\www\lab\Index\Runtime\Cache\f9c22b8b40e560036663a0ce7ed378ae.php 第 145 行.
NOTIC: [8] Undefined variable: _这里是传的年月 C:\AppServ\www\lab\Index\Runtime\Cache\f9c22b8b40e560036663a0ce7ed378ae.php 第 146 行.
NOTIC: [8] Undefined variable: _这里是传的日期 C:\AppServ\www\lab\Index\Runtime\Cache\f9c22b8b40e560036663a0ce7ed378ae.php 第 157 行.
NOTIC: [8] Undefined variable: _这里是传的年月 C:\AppServ\www\lab\Index\Runtime\Cache\f9c22b8b40e560036663a0ce7ed378ae.php 第 158 行.
NOTIC: [8] Undefined variable: _这里是传的日期 C:\AppServ\www\lab\Index\Runtime\Cache\f9c22b8b40e560036663a0ce7ed378ae.php 第 168 行.
NOTIC: [8] Undefined variable: _这里是传的年月 C:\AppServ\www\lab\Index\Runtime\Cache\f9c22b8b40e560036663a0ce7ed378ae.php 第 169 行.
INFO: Run ParseTemplate Behavior [ RunTime:0.076844s ]
INFO: [ view_parse ] --END-- [ RunTime:0.077206s ]
INFO: [ view_filter ] --START--
INFO: Run ContentReplace Behavior [ RunTime:0.007312s ]
INFO: Run TokenBuild Behavior [ RunTime:0.004486s ]
INFO: Run WriteHtmlCache Behavior [ RunTime:0.001951s ]
INFO: Run ShowRuntime Behavior [ RunTime:0.004073s ]
INFO: [ view_filter ] --END-- [ RunTime:0.019101s ]
INFO: [ view_end ] --START--
INFO: Run ShowPageTrace Behavior [ RunTime:0.005792s ]
INFO: [ view_end ] --END-- [ RunTime:0.006064s ]

[ 2015-01-01T17:20:30+08:00 ] 127.0.0.1 /lab/index.php
INFO: [ app_begin ] --START--
INFO: Run ReadHtmlCache Behavior [ RunTime:0.001758s ]
INFO: [ app_begin ] --END-- [ RunTime:0.002014s ]
INFO: [ view_template ] --START--
INFO: Run LocationTemplate Behavior [ RunTime:0.005375s ]
INFO: [ view_template ] --END-- [ RunTime:0.005638s ]
INFO: [ view_parse ] --START--
NOTIC: [8] Undefined variable: _这里是传的日期 C:\AppServ\www\lab\Index\Runtime\Cache\f9c22b8b40e560036663a0ce7ed378ae.php 第 145 行.
NOTIC: [8] Undefined variable: _这里是传的年月 C:\AppServ\www\lab\Index\Runtime\Cache\f9c22b8b40e560036663a0ce7ed378ae.php 第 146 行.
NOTIC: [8] Undefined variable: _这里是传的日期 C:\AppServ\www\lab\Index\Runtime\Cache\f9c22b8b40e560036663a0ce7ed378ae.php 第 157 行.
NOTIC: [8] Undefined variable: _这里是传的年月 C:\AppServ\www\lab\Index\Runtime\Cache\f9c22b8b40e560036663a0ce7ed378ae.php 第 158 行.
NOTIC: [8] Undefined variable: _这里是传的日期 C:\AppServ\www\lab\Index\Runtime\Cache\f9c22b8b40e560036663a0ce7ed378ae.php 第 168 行.
NOTIC: [8] Undefined variable: _这里是传的年月 C:\AppServ\www\lab\Index\Runtime\Cache\f9c22b8b40e560036663a0ce7ed378ae.php 第 169 行.
INFO: Run ParseTemplate Behavior [ RunTime:0.056236s ]
INFO: [ view_parse ] --END-- [ RunTime:0.056402s ]
INFO: [ view_filter ] --START--
INFO: Run ContentReplace Behavior [ RunTime:0.002777s ]
INFO: Run TokenBuild Behavior [ RunTime:0.002192s ]
INFO: Run WriteHtmlCache Behavior [ RunTime:0.000910s ]
INFO: Run ShowRuntime Behavior [ RunTime:0.002437s ]
INFO: [ view_filter ] --END-- [ RunTime:0.008751s ]
INFO: [ view_end ] --START--
INFO: Run ShowPageTrace Behavior [ RunTime:0.002621s ]
INFO: [ view_end ] --END-- [ RunTime:0.002767s ]

[ 2015-01-01T17:21:47+08:00 ] 127.0.0.1 /lab/index.php
INFO: [ app_begin ] --START--
INFO: Run ReadHtmlCache Behavior [ RunTime:0.003854s ]
INFO: [ app_begin ] --END-- [ RunTime:0.004192s ]
INFO: [ view_template ] --START--
INFO: Run LocationTemplate Behavior [ RunTime:0.014239s ]
INFO: [ view_template ] --END-- [ RunTime:0.015020s ]
INFO: [ view_parse ] --START--
NOTIC: [8] Undefined variable: _这里是传的日期 C:\AppServ\www\lab\Index\Runtime\Cache\f9c22b8b40e560036663a0ce7ed378ae.php 第 145 行.
NOTIC: [8] Undefined variable: _这里是传的年月 C:\AppServ\www\lab\Index\Runtime\Cache\f9c22b8b40e560036663a0ce7ed378ae.php 第 146 行.
NOTIC: [8] Undefined variable: _这里是传的日期 C:\AppServ\www\lab\Index\Runtime\Cache\f9c22b8b40e560036663a0ce7ed378ae.php 第 157 行.
NOTIC: [8] Undefined variable: _这里是传的年月 C:\AppServ\www\lab\Index\Runtime\Cache\f9c22b8b40e560036663a0ce7ed378ae.php 第 158 行.
NOTIC: [8] Undefined variable: _这里是传的日期 C:\AppServ\www\lab\Index\Runtime\Cache\f9c22b8b40e560036663a0ce7ed378ae.php 第 168 行.
NOTIC: [8] Undefined variable: _这里是传的年月 C:\AppServ\www\lab\Index\Runtime\Cache\f9c22b8b40e560036663a0ce7ed378ae.php 第 169 行.
INFO: Run ParseTemplate Behavior [ RunTime:0.059724s ]
INFO: [ view_parse ] --END-- [ RunTime:0.060052s ]
INFO: [ view_filter ] --START--
INFO: Run ContentReplace Behavior [ RunTime:0.003592s ]
INFO: Run TokenBuild Behavior [ RunTime:0.004904s ]
INFO: Run WriteHtmlCache Behavior [ RunTime:0.002106s ]
INFO: Run ShowRuntime Behavior [ RunTime:0.002713s ]
INFO: [ view_filter ] --END-- [ RunTime:0.014283s ]
INFO: [ view_end ] --START--
INFO: Run ShowPageTrace Behavior [ RunTime:0.003571s ]
INFO: [ view_end ] --END-- [ RunTime:0.003804s ]

[ 2015-01-01T17:29:23+08:00 ] ERR: (ThinkException) 无法加载模块:modify
[ 2015-01-01T17:31:02+08:00 ] 127.0.0.1 /lab/index.php
INFO: [ app_begin ] --START--
INFO: Run ReadHtmlCache Behavior [ RunTime:0.000870s ]
INFO: [ app_begin ] --END-- [ RunTime:0.000964s ]
INFO: [ view_template ] --START--
INFO: Run LocationTemplate Behavior [ RunTime:0.001607s ]
INFO: [ view_template ] --END-- [ RunTime:0.001698s ]
INFO: [ view_parse ] --START--
NOTIC: [8] Undefined variable: _这里是传的日期 C:\AppServ\www\lab\Index\Runtime\Cache\f9c22b8b40e560036663a0ce7ed378ae.php 第 145 行.
NOTIC: [8] Undefined variable: _这里是传的年月 C:\AppServ\www\lab\Index\Runtime\Cache\f9c22b8b40e560036663a0ce7ed378ae.php 第 146 行.
NOTIC: [8] Undefined variable: _这里是传的日期 C:\AppServ\www\lab\Index\Runtime\Cache\f9c22b8b40e560036663a0ce7ed378ae.php 第 157 行.
NOTIC: [8] Undefined variable: _这里是传的年月 C:\AppServ\www\lab\Index\Runtime\Cache\f9c22b8b40e560036663a0ce7ed378ae.php 第 158 行.
NOTIC: [8] Undefined variable: _这里是传的日期 C:\AppServ\www\lab\Index\Runtime\Cache\f9c22b8b40e560036663a0ce7ed378ae.php 第 168 行.
NOTIC: [8] Undefined variable: _这里是传的年月 C:\AppServ\www\lab\Index\Runtime\Cache\f9c22b8b40e560036663a0ce7ed378ae.php 第 169 行.
INFO: Run ParseTemplate Behavior [ RunTime:0.020259s ]
INFO: [ view_parse ] --END-- [ RunTime:0.020340s ]
INFO: [ view_filter ] --START--
INFO: Run ContentReplace Behavior [ RunTime:0.001102s ]
INFO: Run TokenBuild Behavior [ RunTime:0.001012s ]
INFO: Run WriteHtmlCache Behavior [ RunTime:0.000803s ]
INFO: Run ShowRuntime Behavior [ RunTime:0.001257s ]
INFO: [ view_filter ] --END-- [ RunTime:0.004365s ]
INFO: [ view_end ] --START--
INFO: Run ShowPageTrace Behavior [ RunTime:0.001203s ]
INFO: [ view_end ] --END-- [ RunTime:0.001284s ]

